<?xml version="1.0" ?>
<coverage version="7.8.2" timestamp="1758929016363" lines-valid="4040" lines-covered="3400" line-rate="0.8416" branches-valid="1580" branches-covered="1097" branch-rate="0.6943" complexity="0">
	<!-- Generated by coverage.py: https://coverage.readthedocs.io/en/7.8.2 -->
	<!-- Based on https://raw.githubusercontent.com/cobertura/web/master/htdocs/xml/coverage-04.dtd -->
	<sources>
		<source>/Users/sureshnt/ECS/mcp/src/ecs-mcp-server</source>
	</sources>
	<packages>
		<package name="awslabs" line-rate="1" branch-rate="1" complexity="0">
			<classes>
				<class name="__init__.py" filename="awslabs/__init__.py" complexity="0" line-rate="1" branch-rate="1">
					<methods/>
					<lines/>
				</class>
			</classes>
		</package>
		<package name="awslabs.ecs_mcp_server" line-rate="0.9846" branch-rate="0.8333" complexity="0">
			<classes>
				<class name="__init__.py" filename="awslabs/ecs_mcp_server/__init__.py" complexity="0" line-rate="1" branch-rate="1">
					<methods/>
					<lines>
						<line number="17" hits="1"/>
					</lines>
				</class>
				<class name="main.py" filename="awslabs/ecs_mcp_server/main.py" complexity="0" line-rate="0.9844" branch-rate="0.8333">
					<methods/>
					<lines>
						<line number="19" hits="1"/>
						<line number="20" hits="1"/>
						<line number="21" hits="1"/>
						<line number="22" hits="1"/>
						<line number="23" hits="1"/>
						<line number="25" hits="1"/>
						<line number="27" hits="1"/>
						<line number="37" hits="1"/>
						<line number="38" hits="1"/>
						<line number="44" hits="1"/>
						<line number="46" hits="1"/>
						<line number="47" hits="1"/>
						<line number="48" hits="1"/>
						<line number="50" hits="1"/>
						<line number="52" hits="1" branch="true" condition-coverage="100% (2/2)"/>
						<line number="53" hits="1"/>
						<line number="54" hits="1"/>
						<line number="55" hits="1" branch="true" condition-coverage="100% (2/2)"/>
						<line number="56" hits="1"/>
						<line number="58" hits="1"/>
						<line number="59" hits="1"/>
						<line number="60" hits="1"/>
						<line number="61" hits="1"/>
						<line number="62" hits="1"/>
						<line number="63" hits="1"/>
						<line number="65" hits="1"/>
						<line number="68" hits="1"/>
						<line number="69" hits="1"/>
						<line number="76" hits="1"/>
						<line number="77" hits="1"/>
						<line number="80" hits="1"/>
						<line number="82" hits="1"/>
						<line number="83" hits="1"/>
						<line number="84" hits="1"/>
						<line number="87" hits="1"/>
						<line number="89" hits="1"/>
						<line number="91" hits="1"/>
						<line number="124" hits="1"/>
						<line number="127" hits="1"/>
						<line number="132" hits="1"/>
						<line number="133" hits="1"/>
						<line number="134" hits="1"/>
						<line number="135" hits="1"/>
						<line number="136" hits="1"/>
						<line number="137" hits="1"/>
						<line number="138" hits="1"/>
						<line number="141" hits="1"/>
						<line number="143" hits="1"/>
						<line number="146" hits="1"/>
						<line number="148" hits="1"/>
						<line number="150" hits="1"/>
						<line number="151" hits="1"/>
						<line number="153" hits="1"/>
						<line number="154" hits="1"/>
						<line number="155" hits="1"/>
						<line number="156" hits="1"/>
						<line number="157" hits="1"/>
						<line number="158" hits="1"/>
						<line number="159" hits="1"/>
						<line number="160" hits="1"/>
						<line number="161" hits="1"/>
						<line number="162" hits="1"/>
						<line number="165" hits="1" branch="true" condition-coverage="50% (1/2)" missing-branches="166"/>
						<line number="166" hits="0"/>
					</lines>
				</class>
			</classes>
		</package>
		<package name="awslabs.ecs_mcp_server.api" line-rate="0.7755" branch-rate="0.5976" complexity="0">
			<classes>
				<class name="__init__.py" filename="awslabs/ecs_mcp_server/api/__init__.py" complexity="0" line-rate="1" branch-rate="1">
					<methods/>
					<lines>
						<line number="21" hits="1"/>
						<line number="24" hits="1"/>
					</lines>
				</class>
				<class name="containerize.py" filename="awslabs/ecs_mcp_server/api/containerize.py" complexity="0" line-rate="1" branch-rate="1">
					<methods/>
					<lines>
						<line number="22" hits="1"/>
						<line number="23" hits="1"/>
						<line number="24" hits="1"/>
						<line number="26" hits="1"/>
						<line number="29" hits="1"/>
						<line number="47" hits="1"/>
						<line number="49" hits="1"/>
						<line number="55" hits="1"/>
						<line number="61" hits="1"/>
						<line number="68" hits="1"/>
						<line number="80" hits="1"/>
						<line number="83" hits="1"/>
						<line number="98" hits="1"/>
						<line number="109" hits="1"/>
						<line number="285" hits="1"/>
					</lines>
				</class>
				<class name="delete.py" filename="awslabs/ecs_mcp_server/api/delete.py" complexity="0" line-rate="0.9314" branch-rate="0.9583">
					<methods/>
					<lines>
						<line number="19" hits="1"/>
						<line number="20" hits="1"/>
						<line number="21" hits="1"/>
						<line number="23" hits="1"/>
						<line number="24" hits="1"/>
						<line number="26" hits="1"/>
						<line number="29" hits="1"/>
						<line number="47" hits="1"/>
						<line number="50" hits="1"/>
						<line number="66" hits="1"/>
						<line number="68" hits="1" branch="true" condition-coverage="100% (2/2)"/>
						<line number="69" hits="1"/>
						<line number="71" hits="1"/>
						<line number="73" hits="1" branch="true" condition-coverage="100% (2/2)"/>
						<line number="74" hits="1"/>
						<line number="76" hits="1"/>
						<line number="77" hits="1"/>
						<line number="78" hits="1"/>
						<line number="79" hits="1"/>
						<line number="86" hits="1"/>
						<line number="89" hits="1"/>
						<line number="90" hits="1"/>
						<line number="108" hits="1"/>
						<line number="109" hits="1"/>
						<line number="110" hits="1"/>
						<line number="111" hits="1"/>
						<line number="118" hits="1"/>
						<line number="119" hits="1"/>
						<line number="122" hits="1"/>
						<line number="123" hits="1"/>
						<line number="126" hits="1" branch="true" condition-coverage="100% (2/2)"/>
						<line number="127" hits="1"/>
						<line number="129" hits="1"/>
						<line number="134" hits="1"/>
						<line number="135" hits="1"/>
						<line number="139" hits="1"/>
						<line number="140" hits="1" branch="true" condition-coverage="100% (2/2)"/>
						<line number="141" hits="1"/>
						<line number="144" hits="1"/>
						<line number="145" hits="1"/>
						<line number="146" hits="1"/>
						<line number="147" hits="1"/>
						<line number="148" hits="1"/>
						<line number="150" hits="1"/>
						<line number="153" hits="1"/>
						<line number="155" hits="1" branch="true" condition-coverage="100% (2/2)"/>
						<line number="156" hits="1"/>
						<line number="159" hits="1"/>
						<line number="160" hits="1"/>
						<line number="161" hits="1"/>
						<line number="162" hits="1"/>
						<line number="163" hits="1"/>
						<line number="164" hits="1"/>
						<line number="167" hits="1" branch="true" condition-coverage="100% (2/2)"/>
						<line number="168" hits="1"/>
						<line number="170" hits="1"/>
						<line number="175" hits="1"/>
						<line number="176" hits="1"/>
						<line number="180" hits="1"/>
						<line number="181" hits="1" branch="true" condition-coverage="50% (1/2)" missing-branches="182"/>
						<line number="182" hits="0"/>
						<line number="185" hits="0"/>
						<line number="186" hits="0"/>
						<line number="187" hits="0"/>
						<line number="188" hits="0"/>
						<line number="189" hits="0"/>
						<line number="191" hits="0"/>
						<line number="194" hits="1"/>
						<line number="196" hits="1" branch="true" condition-coverage="100% (2/2)"/>
						<line number="197" hits="1"/>
						<line number="200" hits="1"/>
						<line number="201" hits="1"/>
						<line number="202" hits="1"/>
						<line number="203" hits="1"/>
						<line number="204" hits="1"/>
						<line number="205" hits="1"/>
						<line number="208" hits="1" branch="true" condition-coverage="100% (2/2)"/>
						<line number="209" hits="1"/>
						<line number="211" hits="1" branch="true" condition-coverage="100% (2/2)"/>
						<line number="219" hits="1"/>
						<line number="220" hits="1"/>
						<line number="225" hits="1"/>
						<line number="226" hits="1"/>
						<line number="227" hits="1"/>
						<line number="228" hits="1"/>
						<line number="229" hits="1"/>
						<line number="230" hits="1"/>
						<line number="231" hits="1"/>
						<line number="234" hits="1" branch="true" condition-coverage="100% (2/2)"/>
						<line number="235" hits="1"/>
						<line number="237" hits="1" branch="true" condition-coverage="100% (2/2)"/>
						<line number="245" hits="1"/>
						<line number="246" hits="1"/>
						<line number="251" hits="1"/>
						<line number="252" hits="1"/>
						<line number="253" hits="1"/>
						<line number="254" hits="1"/>
						<line number="255" hits="1"/>
						<line number="256" hits="1"/>
						<line number="257" hits="1"/>
						<line number="260" hits="1"/>
						<line number="279" hits="1"/>
					</lines>
				</class>
				<class name="ecs_troubleshooting.py" filename="awslabs/ecs_mcp_server/api/ecs_troubleshooting.py" complexity="0" line-rate="0.963" branch-rate="0.8571">
					<methods/>
					<lines>
						<line number="22" hits="1"/>
						<line number="23" hits="1"/>
						<line number="24" hits="1"/>
						<line number="26" hits="1"/>
						<line number="29" hits="1"/>
						<line number="32" hits="1"/>
						<line number="35" hits="1"/>
						<line number="38" hits="1"/>
						<line number="41" hits="1"/>
						<line number="44" hits="1"/>
						<line number="48" hits="1"/>
						<line number="51" hits="1"/>
						<line number="62" hits="1"/>
						<line number="249" hits="1"/>
						<line number="253" hits="1"/>
						<line number="254" hits="1"/>
						<line number="256" hits="1" branch="true" condition-coverage="100% (2/2)"/>
						<line number="258" hits="1"/>
						<line number="259" hits="1"/>
						<line number="262" hits="1"/>
						<line number="265" hits="1" branch="true" condition-coverage="100% (2/2)"/>
						<line number="266" hits="1"/>
						<line number="267" hits="1" branch="true" condition-coverage="100% (2/2)"/>
						<line number="268" hits="1"/>
						<line number="269" hits="1"/>
						<line number="270" hits="1" branch="true" condition-coverage="50% (1/2)" missing-branches="274"/>
						<line number="271" hits="1"/>
						<line number="274" hits="1"/>
						<line number="276" hits="1"/>
						<line number="279" hits="1"/>
						<line number="280" hits="1"/>
						<line number="283" hits="1"/>
						<line number="285" hits="1"/>
						<line number="286" hits="1" branch="true" condition-coverage="50% (1/2)" missing-branches="290"/>
						<line number="287" hits="1"/>
						<line number="288" hits="1"/>
						<line number="290" hits="0"/>
						<line number="292" hits="1"/>
						<line number="295" hits="1"/>
						<line number="306" hits="1"/>
						<line number="312" hits="1"/>
						<line number="323" hits="1"/>
						<line number="331" hits="1"/>
						<line number="334" hits="1"/>
						<line number="336" hits="1" branch="true" condition-coverage="100% (2/2)"/>
						<line number="337" hits="1"/>
						<line number="338" hits="1"/>
						<line number="341" hits="1"/>
						<line number="343" hits="1"/>
						<line number="346" hits="1" branch="true" condition-coverage="100% (2/2)"/>
						<line number="347" hits="1" branch="true" condition-coverage="100% (2/2)"/>
						<line number="355" hits="1"/>
						<line number="359" hits="1"/>
						<line number="362" hits="1" branch="true" condition-coverage="100% (2/2)"/>
						<line number="363" hits="1" branch="true" condition-coverage="100% (2/2)"/>
						<line number="364" hits="1"/>
						<line number="368" hits="1"/>
						<line number="371" hits="1"/>
						<line number="393" hits="1"/>
						<line number="394" hits="1" branch="true" condition-coverage="50% (1/2)" missing-branches="395"/>
						<line number="395" hits="0"/>
						<line number="398" hits="1"/>
						<line number="401" hits="1"/>
						<line number="407" hits="1" branch="true" condition-coverage="100% (2/2)"/>
						<line number="409" hits="1"/>
						<line number="412" hits="1"/>
						<line number="413" hits="1" branch="true" condition-coverage="100% (2/2)"/>
						<line number="414" hits="1"/>
						<line number="423" hits="1"/>
						<line number="426" hits="1"/>
						<line number="429" hits="1"/>
						<line number="432" hits="1"/>
						<line number="433" hits="1" branch="true" condition-coverage="50% (1/2)" missing-branches="434"/>
						<line number="434" hits="0"/>
						<line number="436" hits="1"/>
						<line number="438" hits="1"/>
						<line number="439" hits="1"/>
						<line number="440" hits="1"/>
						<line number="441" hits="1"/>
						<line number="442" hits="1"/>
						<line number="443" hits="1"/>
					</lines>
				</class>
				<class name="infrastructure.py" filename="awslabs/ecs_mcp_server/api/infrastructure.py" complexity="0" line-rate="0.932" branch-rate="0.6964">
					<methods/>
					<lines>
						<line number="19" hits="1"/>
						<line number="20" hits="1"/>
						<line number="21" hits="1"/>
						<line number="22" hits="1"/>
						<line number="24" hits="1"/>
						<line number="30" hits="1"/>
						<line number="36" hits="1"/>
						<line number="38" hits="1"/>
						<line number="41" hits="1"/>
						<line number="58" hits="1"/>
						<line number="61" hits="1"/>
						<line number="62" hits="1"/>
						<line number="63" hits="1"/>
						<line number="65" hits="1" branch="true" condition-coverage="50% (1/2)" missing-branches="67"/>
						<line number="67" hits="0"/>
						<line number="69" hits="1"/>
						<line number="72" hits="1"/>
						<line number="73" hits="1"/>
						<line number="76" hits="1"/>
						<line number="77" hits="1"/>
						<line number="80" hits="1"/>
						<line number="81" hits="1"/>
						<line number="83" hits="1"/>
						<line number="84" hits="1"/>
						<line number="86" hits="1"/>
						<line number="87" hits="1"/>
						<line number="90" hits="1"/>
						<line number="92" hits="1"/>
						<line number="93" hits="1"/>
						<line number="95" hits="1"/>
						<line number="96" hits="1"/>
						<line number="98" hits="1"/>
						<line number="106" hits="1"/>
						<line number="149" hits="1"/>
						<line number="152" hits="1"/>
						<line number="155" hits="1" branch="true" condition-coverage="100% (2/2)"/>
						<line number="156" hits="1"/>
						<line number="159" hits="1"/>
						<line number="160" hits="1"/>
						<line number="161" hits="1"/>
						<line number="164" hits="1" branch="true" condition-coverage="100% (2/2)"/>
						<line number="165" hits="1"/>
						<line number="207" hits="1" branch="true" condition-coverage="100% (2/2)"/>
						<line number="209" hits="1"/>
						<line number="210" hits="1"/>
						<line number="211" hits="0"/>
						<line number="213" hits="0" branch="true" condition-coverage="0% (0/2)" missing-branches="214,216"/>
						<line number="214" hits="0"/>
						<line number="216" hits="0"/>
						<line number="218" hits="1"/>
						<line number="223" hits="1" branch="true" condition-coverage="50% (1/2)" missing-branches="290"/>
						<line number="224" hits="1"/>
						<line number="245" hits="1"/>
						<line number="247" hits="1"/>
						<line number="250" hits="1"/>
						<line number="251" hits="1"/>
						<line number="254" hits="1"/>
						<line number="255" hits="1"/>
						<line number="256" hits="1"/>
						<line number="258" hits="1" branch="true" condition-coverage="100% (2/2)"/>
						<line number="259" hits="1" branch="true" condition-coverage="100% (2/2)"/>
						<line number="260" hits="1"/>
						<line number="261" hits="1" branch="true" condition-coverage="50% (1/2)" missing-branches="258"/>
						<line number="262" hits="1"/>
						<line number="264" hits="1" branch="true" condition-coverage="50% (1/2)" missing-branches="265"/>
						<line number="265" hits="0"/>
						<line number="270" hits="1"/>
						<line number="278" hits="1"/>
						<line number="279" hits="1"/>
						<line number="280" hits="1"/>
						<line number="290" hits="1"/>
						<line number="291" hits="1" branch="true" condition-coverage="100% (2/2)"/>
						<line number="292" hits="1"/>
						<line number="293" hits="1"/>
						<line number="296" hits="1"/>
						<line number="297" hits="1"/>
						<line number="299" hits="1"/>
						<line number="301" hits="1" branch="true" condition-coverage="50% (1/2)" missing-branches="302"/>
						<line number="302" hits="0"/>
						<line number="306" hits="1"/>
						<line number="308" hits="1"/>
						<line number="311" hits="1"/>
						<line number="314" hits="1" branch="true" condition-coverage="50% (1/2)" missing-branches="359"/>
						<line number="315" hits="1"/>
						<line number="333" hits="1"/>
						<line number="334" hits="1"/>
						<line number="335" hits="1"/>
						<line number="351" hits="1"/>
						<line number="352" hits="1"/>
						<line number="355" hits="1"/>
						<line number="356" hits="1"/>
						<line number="359" hits="1" branch="true" condition-coverage="50% (1/2)" missing-branches="429"/>
						<line number="360" hits="1"/>
						<line number="362" hits="1"/>
						<line number="363" hits="1"/>
						<line number="364" hits="1"/>
						<line number="366" hits="1" branch="true" condition-coverage="50% (1/2)" missing-branches="369"/>
						<line number="367" hits="1"/>
						<line number="369" hits="0"/>
						<line number="371" hits="1"/>
						<line number="387" hits="1"/>
						<line number="408" hits="1"/>
						<line number="410" hits="1"/>
						<line number="411" hits="1"/>
						<line number="412" hits="1"/>
						<line number="429" hits="0"/>
						<line number="435" hits="1"/>
						<line number="449" hits="1"/>
						<line number="451" hits="1"/>
						<line number="453" hits="1"/>
						<line number="456" hits="1"/>
						<line number="459" hits="1" branch="true" condition-coverage="100% (2/2)"/>
						<line number="460" hits="1"/>
						<line number="461" hits="1"/>
						<line number="462" hits="1"/>
						<line number="465" hits="1"/>
						<line number="468" hits="1" branch="true" condition-coverage="100% (2/2)"/>
						<line number="469" hits="1"/>
						<line number="470" hits="1"/>
						<line number="471" hits="1"/>
						<line number="475" hits="1"/>
						<line number="480" hits="1"/>
						<line number="481" hits="1"/>
						<line number="482" hits="1"/>
						<line number="484" hits="1"/>
						<line number="485" hits="1"/>
						<line number="486" hits="1"/>
						<line number="489" hits="1"/>
						<line number="503" hits="1"/>
						<line number="506" hits="1"/>
						<line number="509" hits="1"/>
						<line number="510" hits="1"/>
						<line number="513" hits="1"/>
						<line number="514" hits="1"/>
						<line number="515" hits="1"/>
						<line number="516" hits="1"/>
						<line number="517" hits="1"/>
						<line number="519" hits="1" branch="true" condition-coverage="100% (2/2)"/>
						<line number="521" hits="1"/>
						<line number="522" hits="1"/>
						<line number="530" hits="1"/>
						<line number="531" hits="1"/>
						<line number="532" hits="1"/>
						<line number="534" hits="1" branch="true" condition-coverage="50% (1/2)" missing-branches="542"/>
						<line number="535" hits="1"/>
						<line number="536" hits="1"/>
						<line number="539" hits="1"/>
						<line number="542" hits="0"/>
						<line number="545" hits="1"/>
						<line number="553" hits="1"/>
						<line number="556" hits="1"/>
						<line number="557" hits="1"/>
						<line number="558" hits="1"/>
						<line number="559" hits="1"/>
						<line number="562" hits="1"/>
						<line number="563" hits="1"/>
						<line number="564" hits="1"/>
						<line number="565" hits="1"/>
						<line number="567" hits="1" branch="true" condition-coverage="100% (2/2)"/>
						<line number="568" hits="1" branch="true" condition-coverage="100% (2/2)"/>
						<line number="569" hits="1"/>
						<line number="570" hits="1" branch="true" condition-coverage="50% (1/2)" missing-branches="567"/>
						<line number="571" hits="1"/>
						<line number="573" hits="1"/>
						<line number="574" hits="1"/>
						<line number="576" hits="1"/>
						<line number="588" hits="1"/>
						<line number="622" hits="1"/>
						<line number="625" hits="1"/>
						<line number="626" hits="1"/>
						<line number="627" hits="1"/>
						<line number="628" hits="1"/>
						<line number="629" hits="1"/>
						<line number="632" hits="1" branch="true" condition-coverage="50% (1/2)" missing-branches="633"/>
						<line number="633" hits="0"/>
						<line number="634" hits="0"/>
						<line number="637" hits="1" branch="true" condition-coverage="50% (1/2)" missing-branches="643"/>
						<line number="638" hits="1"/>
						<line number="639" hits="1"/>
						<line number="640" hits="1"/>
						<line number="643" hits="1" branch="true" condition-coverage="50% (1/2)" missing-branches="653"/>
						<line number="644" hits="1"/>
						<line number="647" hits="1" branch="true" condition-coverage="50% (1/2)" missing-branches="650"/>
						<line number="648" hits="1"/>
						<line number="650" hits="0"/>
						<line number="653" hits="1"/>
						<line number="654" hits="1"/>
						<line number="657" hits="1"/>
						<line number="658" hits="1"/>
						<line number="659" hits="1"/>
						<line number="660" hits="1"/>
						<line number="661" hits="1"/>
						<line number="663" hits="1" branch="true" condition-coverage="100% (2/2)"/>
						<line number="665" hits="1"/>
						<line number="666" hits="1"/>
						<line number="694" hits="1"/>
						<line number="695" hits="1"/>
						<line number="696" hits="1"/>
						<line number="698" hits="1" branch="true" condition-coverage="50% (1/2)" missing-branches="706"/>
						<line number="699" hits="1"/>
						<line number="700" hits="1"/>
						<line number="703" hits="1"/>
						<line number="706" hits="0"/>
						<line number="709" hits="1"/>
						<line number="737" hits="1"/>
						<line number="739" hits="1"/>
					</lines>
				</class>
				<class name="resource_management.py" filename="awslabs/ecs_mcp_server/api/resource_management.py" complexity="0" line-rate="1" branch-rate="1">
					<methods/>
					<lines>
						<line number="22" hits="1"/>
						<line number="23" hits="1"/>
						<line number="24" hits="1"/>
						<line number="26" hits="1"/>
						<line number="28" hits="1"/>
						<line number="31" hits="1"/>
						<line number="95" hits="1"/>
						<line number="114" hits="1"/>
						<line number="115" hits="1"/>
						<line number="118" hits="1"/>
						<line number="134" hits="1" branch="true" condition-coverage="100% (2/2)"/>
						<line number="135" hits="1"/>
						<line number="136" hits="1"/>
						<line number="141" hits="1" branch="true" condition-coverage="100% (2/2)"/>
						<line number="143" hits="1"/>
						<line number="146" hits="1"/>
						<line number="147" hits="1" branch="true" condition-coverage="100% (2/2)"/>
						<line number="148" hits="1"/>
						<line number="156" hits="1"/>
						<line number="158" hits="1"/>
						<line number="160" hits="1"/>
						<line number="163" hits="1"/>
						<line number="166" hits="1"/>
						<line number="169" hits="1"/>
						<line number="170" hits="1"/>
						<line number="171" hits="1"/>
						<line number="172" hits="1"/>
						<line number="173" hits="1"/>
					</lines>
				</class>
				<class name="security_analysis.py" filename="awslabs/ecs_mcp_server/api/security_analysis.py" complexity="0" line-rate="0.7286" branch-rate="0.564">
					<methods/>
					<lines>
						<line number="23" hits="1"/>
						<line number="24" hits="1"/>
						<line number="25" hits="1"/>
						<line number="26" hits="1"/>
						<line number="27" hits="1"/>
						<line number="29" hits="1"/>
						<line number="30" hits="1"/>
						<line number="31" hits="0"/>
						<line number="32" hits="0"/>
						<line number="34" hits="1"/>
						<line number="36" hits="1"/>
						<line number="37" hits="1"/>
						<line number="38" hits="1"/>
						<line number="40" hits="1"/>
						<line number="43" hits="1"/>
						<line number="61" hits="1"/>
						<line number="64" hits="1" branch="true" condition-coverage="50% (1/2)" missing-branches="68"/>
						<line number="65" hits="1"/>
						<line number="68" hits="1" branch="true" condition-coverage="50% (1/2)" missing-branches="69"/>
						<line number="69" hits="0"/>
						<line number="71" hits="1"/>
						<line number="74" hits="1"/>
						<line number="82" hits="1"/>
						<line number="84" hits="1"/>
						<line number="86" hits="1"/>
						<line number="90" hits="1"/>
						<line number="91" hits="1"/>
						<line number="94" hits="1"/>
						<line number="99" hits="1"/>
						<line number="106" hits="1"/>
						<line number="108" hits="1" branch="true" condition-coverage="50% (1/2)" missing-branches="109"/>
						<line number="109" hits="0"/>
						<line number="110" hits="0"/>
						<line number="116" hits="1"/>
						<line number="117" hits="1" branch="true" condition-coverage="50% (1/2)" missing-branches="125"/>
						<line number="118" hits="1"/>
						<line number="119" hits="1"/>
						<line number="125" hits="0"/>
						<line number="128" hits="0"/>
						<line number="142" hits="0" branch="true" condition-coverage="0% (0/2)" missing-branches="143,146"/>
						<line number="143" hits="0"/>
						<line number="146" hits="0" branch="true" condition-coverage="0% (0/2)" missing-branches="147,149"/>
						<line number="147" hits="0"/>
						<line number="149" hits="0"/>
						<line number="151" hits="0"/>
						<line number="152" hits="0"/>
						<line number="153" hits="0"/>
						<line number="155" hits="1"/>
						<line number="159" hits="1"/>
						<line number="160" hits="1"/>
						<line number="162" hits="1" branch="true" condition-coverage="50% (1/2)" missing-branches="163"/>
						<line number="163" hits="0"/>
						<line number="166" hits="1"/>
						<line number="167" hits="1"/>
						<line number="171" hits="1" branch="true" condition-coverage="100% (2/2)"/>
						<line number="172" hits="1"/>
						<line number="175" hits="1"/>
						<line number="177" hits="1"/>
						<line number="179" hits="1"/>
						<line number="180" hits="1" branch="true" condition-coverage="100% (2/2)"/>
						<line number="182" hits="1" branch="true" condition-coverage="50% (1/2)" missing-branches="180"/>
						<line number="183" hits="1"/>
						<line number="184" hits="1"/>
						<line number="185" hits="0"/>
						<line number="186" hits="0"/>
						<line number="187" hits="0"/>
						<line number="189" hits="1" branch="true" condition-coverage="100% (2/2)"/>
						<line number="190" hits="1"/>
						<line number="191" hits="1"/>
						<line number="193" hits="1"/>
						<line number="195" hits="1" branch="true" condition-coverage="100% (2/2)"/>
						<line number="196" hits="1"/>
						<line number="197" hits="1"/>
						<line number="201" hits="1" branch="true" condition-coverage="50% (1/2)" missing-branches="202"/>
						<line number="202" hits="0"/>
						<line number="205" hits="0"/>
						<line number="207" hits="1"/>
						<line number="208" hits="1" branch="true" condition-coverage="50% (1/2)" missing-branches="209"/>
						<line number="209" hits="0"/>
						<line number="210" hits="0"/>
						<line number="212" hits="1"/>
						<line number="214" hits="1"/>
						<line number="218" hits="1"/>
						<line number="219" hits="1" branch="true" condition-coverage="50% (1/2)" missing-branches="220"/>
						<line number="220" hits="0"/>
						<line number="222" hits="1"/>
						<line number="223" hits="1" branch="true" condition-coverage="50% (1/2)" missing-branches="224"/>
						<line number="224" hits="0"/>
						<line number="227" hits="0" branch="true" condition-coverage="0% (0/2)" missing-branches="228,231"/>
						<line number="228" hits="0"/>
						<line number="231" hits="1"/>
						<line number="232" hits="1"/>
						<line number="237" hits="1"/>
						<line number="241" hits="1"/>
						<line number="256" hits="1"/>
						<line number="258" hits="0"/>
						<line number="259" hits="0"/>
						<line number="260" hits="0"/>
						<line number="262" hits="1"/>
						<line number="264" hits="0"/>
						<line number="265" hits="0"/>
						<line number="266" hits="0"/>
						<line number="268" hits="1"/>
						<line number="270" hits="1"/>
						<line number="271" hits="1"/>
						<line number="274" hits="1"/>
						<line number="278" hits="1" branch="true" condition-coverage="100% (2/2)"/>
						<line number="279" hits="1"/>
						<line number="282" hits="1"/>
						<line number="288" hits="1"/>
						<line number="290" hits="1" branch="true" condition-coverage="50% (1/2)" missing-branches="291"/>
						<line number="291" hits="0"/>
						<line number="298" hits="1"/>
						<line number="303" hits="1" branch="true" condition-coverage="50% (1/2)" missing-branches="304"/>
						<line number="304" hits="0"/>
						<line number="307" hits="0"/>
						<line number="313" hits="1"/>
						<line number="319" hits="0"/>
						<line number="320" hits="0"/>
						<line number="323" hits="0"/>
						<line number="325" hits="1"/>
						<line number="329" hits="1"/>
						<line number="330" hits="1"/>
						<line number="332" hits="1"/>
						<line number="336" hits="1" branch="true" condition-coverage="50% (1/2)" missing-branches="337"/>
						<line number="337" hits="0"/>
						<line number="338" hits="0"/>
						<line number="344" hits="1"/>
						<line number="345" hits="1"/>
						<line number="347" hits="1"/>
						<line number="361" hits="1"/>
						<line number="367" hits="0"/>
						<line number="368" hits="0"/>
						<line number="369" hits="0"/>
						<line number="371" hits="1"/>
						<line number="375" hits="1"/>
						<line number="376" hits="1"/>
						<line number="378" hits="1" branch="true" condition-coverage="100% (2/2)"/>
						<line number="379" hits="1"/>
						<line number="380" hits="1"/>
						<line number="382" hits="1" branch="true" condition-coverage="50% (1/2)" missing-branches="385"/>
						<line number="383" hits="1"/>
						<line number="385" hits="0"/>
						<line number="387" hits="1"/>
						<line number="389" hits="1" branch="true" condition-coverage="100% (2/2)"/>
						<line number="390" hits="1"/>
						<line number="391" hits="1"/>
						<line number="395" hits="1" branch="true" condition-coverage="50% (1/2)" missing-branches="389"/>
						<line number="396" hits="1"/>
						<line number="399" hits="0"/>
						<line number="400" hits="0"/>
						<line number="403" hits="0"/>
						<line number="409" hits="1"/>
						<line number="411" hits="0"/>
						<line number="412" hits="0"/>
						<line number="413" hits="0"/>
						<line number="415" hits="1"/>
						<line number="417" hits="0"/>
						<line number="418" hits="0"/>
						<line number="419" hits="0"/>
						<line number="421" hits="1"/>
						<line number="425" hits="1"/>
						<line number="426" hits="1"/>
						<line number="427" hits="1"/>
						<line number="428" hits="1"/>
						<line number="429" hits="1"/>
						<line number="431" hits="1"/>
						<line number="432" hits="1" branch="true" condition-coverage="50% (1/2)" missing-branches="433"/>
						<line number="433" hits="0"/>
						<line number="434" hits="1" branch="true" condition-coverage="50% (1/2)" missing-branches="435"/>
						<line number="435" hits="0"/>
						<line number="436" hits="1" branch="true" condition-coverage="50% (1/2)" missing-branches="437"/>
						<line number="437" hits="0"/>
						<line number="438" hits="1" branch="true" condition-coverage="50% (1/2)" missing-branches="439"/>
						<line number="439" hits="0"/>
						<line number="441" hits="1"/>
						<line number="459" hits="1" branch="true" condition-coverage="50% (1/2)" missing-branches="460"/>
						<line number="460" hits="0"/>
						<line number="461" hits="0"/>
						<line number="463" hits="1"/>
						<line number="465" hits="0"/>
						<line number="466" hits="0"/>
						<line number="467" hits="0"/>
						<line number="469" hits="1"/>
						<line number="473" hits="0"/>
						<line number="475" hits="1"/>
						<line number="477" hits="1" branch="true" condition-coverage="50% (1/2)" missing-branches="483"/>
						<line number="478" hits="1"/>
						<line number="483" hits="0"/>
						<line number="486" hits="1"/>
						<line number="489" hits="1"/>
						<line number="491" hits="1"/>
						<line number="504" hits="1"/>
						<line number="512" hits="1"/>
						<line number="514" hits="1" branch="true" condition-coverage="50% (1/2)" missing-branches="516"/>
						<line number="515" hits="1"/>
						<line number="516" hits="1" branch="true" condition-coverage="50% (1/2)" missing-branches="519"/>
						<line number="517" hits="1"/>
						<line number="519" hits="1"/>
						<line number="521" hits="1"/>
						<line number="523" hits="1"/>
						<line number="525" hits="1" branch="true" condition-coverage="100% (2/2)"/>
						<line number="526" hits="1" branch="true" condition-coverage="50% (1/2)" missing-branches="527"/>
						<line number="527" hits="0"/>
						<line number="529" hits="1" branch="true" condition-coverage="100% (2/2)"/>
						<line number="530" hits="1" branch="true" condition-coverage="50% (1/2)" missing-branches="531"/>
						<line number="531" hits="0"/>
						<line number="534" hits="1"/>
						<line number="539" hits="1"/>
						<line number="540" hits="1" branch="true" condition-coverage="50% (1/2)" missing-branches="541"/>
						<line number="541" hits="0"/>
						<line number="544" hits="0"/>
						<line number="547" hits="0"/>
						<line number="550" hits="0"/>
						<line number="553" hits="0"/>
						<line number="558" hits="1"/>
						<line number="561" hits="1"/>
						<line number="564" hits="1"/>
						<line number="567" hits="1"/>
						<line number="572" hits="1"/>
						<line number="575" hits="1"/>
						<line number="580" hits="1" branch="true" condition-coverage="50% (1/2)" missing-branches="581"/>
						<line number="581" hits="0"/>
						<line number="582" hits="0"/>
						<line number="583" hits="0"/>
						<line number="584" hits="0"/>
						<line number="586" hits="0"/>
						<line number="589" hits="0"/>
						<line number="592" hits="0"/>
						<line number="597" hits="0"/>
						<line number="602" hits="0"/>
						<line number="609" hits="0"/>
						<line number="614" hits="0"/>
						<line number="621" hits="0"/>
						<line number="626" hits="0"/>
						<line number="631" hits="0"/>
						<line number="634" hits="0"/>
						<line number="641" hits="0"/>
						<line number="648" hits="0"/>
						<line number="655" hits="0"/>
						<line number="662" hits="0"/>
						<line number="669" hits="0"/>
						<line number="676" hits="0" branch="true" condition-coverage="0% (0/2)" missing-branches="580,677"/>
						<line number="677" hits="0"/>
						<line number="678" hits="0"/>
						<line number="683" hits="0"/>
						<line number="689" hits="0"/>
						<line number="692" hits="0"/>
						<line number="695" hits="1"/>
						<line number="696" hits="1" branch="true" condition-coverage="100% (2/2)"/>
						<line number="697" hits="1"/>
						<line number="698" hits="1"/>
						<line number="701" hits="1"/>
						<line number="703" hits="1"/>
						<line number="719" hits="1"/>
						<line number="723" hits="1"/>
						<line number="725" hits="1"/>
						<line number="726" hits="1"/>
						<line number="729" hits="1"/>
						<line number="735" hits="1"/>
						<line number="737" hits="1" branch="true" condition-coverage="50% (1/2)" missing-branches="753"/>
						<line number="738" hits="1"/>
						<line number="753" hits="1"/>
						<line number="756" hits="1"/>
						<line number="757" hits="1" branch="true" condition-coverage="50% (1/2)" missing-branches="770"/>
						<line number="758" hits="1"/>
						<line number="770" hits="0"/>
						<line number="771" hits="0" branch="true" condition-coverage="0% (0/2)" missing-branches="772,784"/>
						<line number="772" hits="0"/>
						<line number="784" hits="0"/>
						<line number="785" hits="0" branch="true" condition-coverage="0% (0/2)" missing-branches="786,802"/>
						<line number="786" hits="0"/>
						<line number="802" hits="1"/>
						<line number="803" hits="1" branch="true" condition-coverage="100% (2/2)"/>
						<line number="804" hits="1"/>
						<line number="817" hits="1"/>
						<line number="819" hits="1"/>
						<line number="823" hits="1"/>
						<line number="826" hits="1"/>
						<line number="827" hits="1" branch="true" condition-coverage="100% (2/2)"/>
						<line number="828" hits="1"/>
						<line number="831" hits="1"/>
						<line number="832" hits="1"/>
						<line number="835" hits="1" branch="true" condition-coverage="50% (1/2)" missing-branches="868"/>
						<line number="836" hits="1"/>
						<line number="838" hits="1"/>
						<line number="841" hits="1" branch="true" condition-coverage="50% (1/2)" missing-branches="868"/>
						<line number="844" hits="1"/>
						<line number="854" hits="0"/>
						<line number="856" hits="0"/>
						<line number="868" hits="1"/>
						<line number="871" hits="1"/>
						<line number="872" hits="1" branch="true" condition-coverage="50% (1/2)" missing-branches="885"/>
						<line number="873" hits="1"/>
						<line number="885" hits="1"/>
						<line number="888" hits="1" branch="true" condition-coverage="50% (1/2)" missing-branches="827"/>
						<line number="889" hits="1"/>
						<line number="891" hits="1" branch="true" condition-coverage="50% (1/2)" missing-branches="827"/>
						<line number="894" hits="1"/>
						<line number="906" hits="1"/>
						<line number="907" hits="1" branch="true" condition-coverage="100% (2/2)"/>
						<line number="908" hits="1"/>
						<line number="911" hits="1"/>
						<line number="912" hits="1" branch="true" condition-coverage="50% (1/2)" missing-branches="907"/>
						<line number="914" hits="1"/>
						<line number="915" hits="1" branch="true" condition-coverage="50% (1/2)" missing-branches="907"/>
						<line number="917" hits="1"/>
						<line number="920" hits="1" branch="true" condition-coverage="50% (1/2)" missing-branches="907"/>
						<line number="921" hits="1"/>
						<line number="932" hits="1"/>
						<line number="934" hits="1"/>
						<line number="938" hits="1"/>
						<line number="941" hits="1"/>
						<line number="942" hits="1" branch="true" condition-coverage="100% (2/2)"/>
						<line number="943" hits="1"/>
						<line number="955" hits="1"/>
						<line number="956" hits="1" branch="true" condition-coverage="100% (2/2)"/>
						<line number="957" hits="1"/>
						<line number="958" hits="1" branch="true" condition-coverage="50% (1/2)" missing-branches="973"/>
						<line number="959" hits="1"/>
						<line number="973" hits="1"/>
						<line number="974" hits="1" branch="true" condition-coverage="50% (1/2)" missing-branches="975"/>
						<line number="975" hits="0"/>
						<line number="976" hits="0" branch="true" condition-coverage="0% (0/2)" missing-branches="977,991"/>
						<line number="977" hits="0"/>
						<line number="991" hits="1"/>
						<line number="992" hits="1" branch="true" condition-coverage="100% (2/2)"/>
						<line number="993" hits="1"/>
						<line number="1003" hits="1" branch="true" condition-coverage="50% (1/2)" missing-branches="1004"/>
						<line number="1004" hits="0"/>
						<line number="1024" hits="1"/>
						<line number="1028" hits="1"/>
						<line number="1030" hits="1"/>
						<line number="1034" hits="1"/>
						<line number="1037" hits="1" branch="true" condition-coverage="100% (2/2)"/>
						<line number="1038" hits="1"/>
						<line number="1039" hits="1"/>
						<line number="1042" hits="1"/>
						<line number="1043" hits="1" branch="true" condition-coverage="100% (2/2)"/>
						<line number="1044" hits="1"/>
						<line number="1056" hits="1" branch="true" condition-coverage="100% (2/2)"/>
						<line number="1058" hits="1"/>
						<line number="1069" hits="1"/>
						<line number="1071" hits="1"/>
						<line number="1075" hits="1"/>
						<line number="1078" hits="1" branch="true" condition-coverage="50% (1/2)" missing-branches="1091"/>
						<line number="1079" hits="1"/>
						<line number="1091" hits="0" branch="true" condition-coverage="0% (0/2)" missing-branches="1092,1103"/>
						<line number="1092" hits="0"/>
						<line number="1103" hits="1"/>
						<line number="1105" hits="1"/>
						<line number="1109" hits="1"/>
						<line number="1111" hits="1"/>
						<line number="1114" hits="1"/>
						<line number="1115" hits="1" branch="true" condition-coverage="50% (1/2)" missing-branches="1128"/>
						<line number="1116" hits="1"/>
						<line number="1128" hits="1"/>
						<line number="1129" hits="1" branch="true" condition-coverage="50% (1/2)" missing-branches="1142"/>
						<line number="1130" hits="1"/>
						<line number="1142" hits="1"/>
						<line number="1143" hits="1" branch="true" condition-coverage="100% (2/2)"/>
						<line number="1144" hits="1"/>
						<line number="1156" hits="1"/>
						<line number="1157" hits="1" branch="true" condition-coverage="100% (2/2)"/>
						<line number="1158" hits="1"/>
						<line number="1170" hits="1"/>
						<line number="1171" hits="1" branch="true" condition-coverage="100% (2/2)"/>
						<line number="1172" hits="1"/>
						<line number="1184" hits="1"/>
						<line number="1185" hits="1" branch="true" condition-coverage="50% (1/2)" missing-branches="1186"/>
						<line number="1186" hits="0" branch="true" condition-coverage="0% (0/2)" missing-branches="1187,1202"/>
						<line number="1187" hits="0" branch="true" condition-coverage="0% (0/2)" missing-branches="1186,1188"/>
						<line number="1188" hits="0"/>
						<line number="1202" hits="1" branch="true" condition-coverage="50% (1/2)" missing-branches="1203"/>
						<line number="1203" hits="0"/>
						<line number="1204" hits="0"/>
						<line number="1206" hits="0" branch="true" condition-coverage="0% (0/2)" missing-branches="1207,1218"/>
						<line number="1207" hits="0"/>
						<line number="1218" hits="0" branch="true" condition-coverage="0% (0/2)" missing-branches="1219,1231"/>
						<line number="1219" hits="0"/>
						<line number="1231" hits="1"/>
						<line number="1232" hits="1" branch="true" condition-coverage="100% (2/2)"/>
						<line number="1233" hits="1"/>
						<line number="1236" hits="1"/>
						<line number="1237" hits="1" branch="true" condition-coverage="100% (2/2)"/>
						<line number="1238" hits="1"/>
						<line number="1250" hits="1"/>
						<line number="1251" hits="1" branch="true" condition-coverage="50% (1/2)" missing-branches="1252"/>
						<line number="1252" hits="0"/>
						<line number="1264" hits="1"/>
						<line number="1265" hits="1" branch="true" condition-coverage="100% (2/2)"/>
						<line number="1266" hits="1" branch="true" condition-coverage="50% (1/2)" missing-branches="1278"/>
						<line number="1267" hits="1"/>
						<line number="1278" hits="1" branch="true" condition-coverage="50% (1/2)" missing-branches="1291"/>
						<line number="1279" hits="1"/>
						<line number="1291" hits="1"/>
						<line number="1292" hits="1" branch="true" condition-coverage="100% (2/2)"/>
						<line number="1293" hits="1" branch="true" condition-coverage="50% (1/2)" missing-branches="1232"/>
						<line number="1294" hits="1"/>
						<line number="1306" hits="1"/>
						<line number="1307" hits="1" branch="true" condition-coverage="50% (1/2)" missing-branches="1308"/>
						<line number="1308" hits="0" branch="true" condition-coverage="0% (0/2)" missing-branches="1307,1311"/>
						<line number="1311" hits="0"/>
						<line number="1322" hits="1"/>
						<line number="1324" hits="1"/>
						<line number="1328" hits="0"/>
						<line number="1331" hits="0"/>
						<line number="1332" hits="0" branch="true" condition-coverage="0% (0/2)" missing-branches="1333,1348"/>
						<line number="1333" hits="0"/>
						<line number="1334" hits="0" branch="true" condition-coverage="0% (0/2)" missing-branches="1332,1336"/>
						<line number="1336" hits="0"/>
						<line number="1337" hits="0"/>
						<line number="1348" hits="0"/>
						<line number="1350" hits="1"/>
						<line number="1359" hits="1"/>
						<line number="1362" hits="1"/>
						<line number="1363" hits="1" branch="true" condition-coverage="50% (1/2)" missing-branches="1376"/>
						<line number="1364" hits="1"/>
						<line number="1376" hits="1"/>
						<line number="1377" hits="1" branch="true" condition-coverage="100% (2/2)"/>
						<line number="1378" hits="1"/>
						<line number="1392" hits="1" branch="true" condition-coverage="50% (1/2)" missing-branches="1416"/>
						<line number="1393" hits="1"/>
						<line number="1401" hits="1" branch="true" condition-coverage="100% (2/2)"/>
						<line number="1402" hits="1"/>
						<line number="1416" hits="1" branch="true" condition-coverage="50% (1/2)" missing-branches="1429"/>
						<line number="1417" hits="1"/>
						<line number="1429" hits="1" branch="true" condition-coverage="100% (2/2)"/>
						<line number="1430" hits="1"/>
						<line number="1444" hits="1" branch="true" condition-coverage="50% (1/2)" missing-branches="1457"/>
						<line number="1445" hits="1"/>
						<line number="1457" hits="1"/>
						<line number="1458" hits="1"/>
						<line number="1459" hits="1"/>
						<line number="1461" hits="1" branch="true" condition-coverage="50% (1/2)" missing-branches="1475"/>
						<line number="1462" hits="1"/>
						<line number="1475" hits="1" branch="true" condition-coverage="50% (1/2)" missing-branches="1490"/>
						<line number="1476" hits="1"/>
						<line number="1490" hits="1" branch="true" condition-coverage="50% (1/2)" missing-branches="1507"/>
						<line number="1495" hits="1"/>
						<line number="1507" hits="1"/>
						<line number="1508" hits="1" branch="true" condition-coverage="100% (2/2)"/>
						<line number="1509" hits="1"/>
						<line number="1510" hits="1" branch="true" condition-coverage="50% (1/2)" missing-branches="1508"/>
						<line number="1511" hits="1"/>
						<line number="1525" hits="1"/>
						<line number="1526" hits="1" branch="true" condition-coverage="50% (1/2)" missing-branches="1539"/>
						<line number="1527" hits="1"/>
						<line number="1539" hits="1" branch="true" condition-coverage="100% (2/2)"/>
						<line number="1540" hits="1"/>
						<line number="1552" hits="1"/>
						<line number="1553" hits="1" branch="true" condition-coverage="100% (2/2)"/>
						<line number="1555" hits="1"/>
						<line number="1556" hits="1"/>
						<line number="1558" hits="1"/>
						<line number="1559" hits="1" branch="true" condition-coverage="100% (2/2)"/>
						<line number="1560" hits="1" branch="true" condition-coverage="50% (1/2)" missing-branches="1559"/>
						<line number="1561" hits="1"/>
						<line number="1575" hits="1" branch="true" condition-coverage="50% (1/2)" missing-branches="1590"/>
						<line number="1576" hits="1"/>
						<line number="1590" hits="1"/>
						<line number="1591" hits="1" branch="true" condition-coverage="100% (2/2)"/>
						<line number="1592" hits="1"/>
						<line number="1593" hits="1" branch="true" condition-coverage="50% (1/2)" missing-branches="1591"/>
						<line number="1594" hits="1"/>
						<line number="1608" hits="1"/>
						<line number="1609" hits="1" branch="true" condition-coverage="100% (2/2)"/>
						<line number="1610" hits="1"/>
						<line number="1624" hits="1"/>
						<line number="1625" hits="1"/>
						<line number="1629" hits="1" branch="true" condition-coverage="50% (1/2)" missing-branches="1642"/>
						<line number="1630" hits="1"/>
						<line number="1642" hits="1"/>
						<line number="1649" hits="1"/>
						<line number="1655" hits="1"/>
						<line number="1657" hits="1"/>
						<line number="1661" hits="1"/>
						<line number="1664" hits="1"/>
						<line number="1665" hits="1"/>
						<line number="1667" hits="1" branch="true" condition-coverage="100% (2/2)"/>
						<line number="1669" hits="1" branch="true" condition-coverage="50% (1/2)" missing-branches="1667"/>
						<line number="1670" hits="1"/>
						<line number="1681" hits="1"/>
						<line number="1683" hits="1"/>
						<line number="1692" hits="0"/>
						<line number="1695" hits="0"/>
						<line number="1696" hits="0"/>
						<line number="1699" hits="0" branch="true" condition-coverage="0% (0/2)" missing-branches="1700,1712"/>
						<line number="1700" hits="0"/>
						<line number="1712" hits="0" branch="true" condition-coverage="0% (0/2)" missing-branches="1713,1725"/>
						<line number="1713" hits="0"/>
						<line number="1725" hits="0" branch="true" condition-coverage="0% (0/2)" missing-branches="1726,1740"/>
						<line number="1726" hits="0"/>
						<line number="1728" hits="0" branch="true" condition-coverage="0% (0/2)" missing-branches="1729,1740"/>
						<line number="1729" hits="0"/>
						<line number="1740" hits="0"/>
						<line number="1742" hits="1"/>
						<line number="1746" hits="1"/>
						<line number="1751" hits="1"/>
						<line number="1753" hits="1"/>
						<line number="1757" hits="1"/>
						<line number="1759" hits="1" branch="true" condition-coverage="100% (2/2)"/>
						<line number="1760" hits="1"/>
						<line number="1763" hits="1"/>
						<line number="1764" hits="1" branch="true" condition-coverage="50% (1/2)" missing-branches="1765"/>
						<line number="1765" hits="0"/>
						<line number="1766" hits="0"/>
						<line number="1768" hits="0" branch="true" condition-coverage="0% (0/2)" missing-branches="1764,1772"/>
						<line number="1772" hits="0" branch="true" condition-coverage="0% (0/2)" missing-branches="1764,1777"/>
						<line number="1777" hits="0"/>
						<line number="1791" hits="1"/>
						<line number="1792" hits="1" branch="true" condition-coverage="50% (1/2)" missing-branches="1794"/>
						<line number="1794" hits="0"/>
						<line number="1802" hits="0" branch="true" condition-coverage="0% (0/2)" missing-branches="1803,1817"/>
						<line number="1803" hits="0"/>
						<line number="1817" hits="1" branch="true" condition-coverage="50% (1/2)" missing-branches="1759"/>
						<line number="1818" hits="1" branch="true" condition-coverage="100% (2/2)"/>
						<line number="1819" hits="1"/>
						<line number="1822" hits="1" branch="true" condition-coverage="50% (1/2)" missing-branches="1818"/>
						<line number="1823" hits="1"/>
						<line number="1824" hits="1" branch="true" condition-coverage="50% (1/2)" missing-branches="1818"/>
						<line number="1828" hits="1"/>
						<line number="1841" hits="1"/>
						<line number="1843" hits="1"/>
						<line number="1852" hits="0"/>
						<line number="1855" hits="0"/>
						<line number="1859" hits="0"/>
						<line number="1865" hits="0" branch="true" condition-coverage="0% (0/2)" missing-branches="1866,1877"/>
						<line number="1866" hits="0"/>
						<line number="1877" hits="0"/>
						<line number="1879" hits="1"/>
						<line number="1883" hits="1"/>
						<line number="1886" hits="1"/>
						<line number="1889" hits="1" branch="true" condition-coverage="50% (1/2)" missing-branches="1890"/>
						<line number="1890" hits="0"/>
						<line number="1893" hits="1"/>
						<line number="1895" hits="1" branch="true" condition-coverage="100% (2/2)"/>
						<line number="1896" hits="1" branch="true" condition-coverage="50% (1/2)" missing-branches="1897"/>
						<line number="1897" hits="0"/>
						<line number="1899" hits="1"/>
						<line number="1902" hits="1" branch="true" condition-coverage="50% (1/2)" missing-branches="1895"/>
						<line number="1903" hits="1"/>
						<line number="1915" hits="1"/>
						<line number="1918" hits="1" branch="true" condition-coverage="50% (1/2)" missing-branches="1919"/>
						<line number="1919" hits="0"/>
						<line number="1922" hits="1"/>
						<line number="1928" hits="1" branch="true" condition-coverage="100% (2/2)"/>
						<line number="1929" hits="1" branch="true" condition-coverage="50% (1/2)" missing-branches="1930"/>
						<line number="1930" hits="0"/>
						<line number="1932" hits="1"/>
						<line number="1933" hits="1"/>
						<line number="1935" hits="1" branch="true" condition-coverage="100% (2/2)"/>
						<line number="1937" hits="1"/>
						<line number="1938" hits="1" branch="true" condition-coverage="100% (2/2)"/>
						<line number="1939" hits="1"/>
						<line number="1940" hits="1" branch="true" condition-coverage="50% (1/2)" missing-branches="1938"/>
						<line number="1941" hits="1"/>
						<line number="1942" hits="1"/>
						<line number="1944" hits="1" branch="true" condition-coverage="50% (1/2)" missing-branches="1955"/>
						<line number="1945" hits="1"/>
						<line number="1955" hits="0" branch="true" condition-coverage="0% (0/2)" missing-branches="1956,1966"/>
						<line number="1956" hits="0"/>
						<line number="1966" hits="0" branch="true" condition-coverage="0% (0/2)" missing-branches="1938,1967"/>
						<line number="1967" hits="0"/>
						<line number="1979" hits="1"/>
						<line number="1982" hits="1" branch="true" condition-coverage="50% (1/2)" missing-branches="1983"/>
						<line number="1983" hits="0"/>
						<line number="1986" hits="1"/>
						<line number="1988" hits="1" branch="true" condition-coverage="100% (2/2)"/>
						<line number="1989" hits="1" branch="true" condition-coverage="50% (1/2)" missing-branches="1990"/>
						<line number="1990" hits="0"/>
						<line number="1992" hits="1"/>
						<line number="1993" hits="1" branch="true" condition-coverage="50% (1/2)" missing-branches="1988"/>
						<line number="1994" hits="1"/>
						<line number="2005" hits="1"/>
						<line number="2007" hits="1"/>
						<line number="2011" hits="1"/>
						<line number="2013" hits="1"/>
						<line number="2016" hits="1"/>
						<line number="2017" hits="1" branch="true" condition-coverage="50% (1/2)" missing-branches="2029"/>
						<line number="2018" hits="1"/>
						<line number="2029" hits="1"/>
						<line number="2031" hits="1"/>
						<line number="2035" hits="1"/>
						<line number="2037" hits="1"/>
						<line number="2040" hits="1" branch="true" condition-coverage="50% (1/2)" missing-branches="2044"/>
						<line number="2041" hits="1"/>
						<line number="2044" hits="0"/>
						<line number="2046" hits="1" branch="true" condition-coverage="100% (2/2)"/>
						<line number="2047" hits="1" branch="true" condition-coverage="50% (1/2)" missing-branches="2048"/>
						<line number="2048" hits="0"/>
						<line number="2050" hits="1"/>
						<line number="2054" hits="1"/>
						<line number="2068" hits="1"/>
						<line number="2070" hits="1"/>
						<line number="2074" hits="1"/>
						<line number="2076" hits="1"/>
						<line number="2079" hits="1" branch="true" condition-coverage="50% (1/2)" missing-branches="2082"/>
						<line number="2080" hits="1"/>
						<line number="2082" hits="0"/>
						<line number="2086" hits="1" branch="true" condition-coverage="100% (2/2)"/>
						<line number="2087" hits="1" branch="true" condition-coverage="50% (1/2)" missing-branches="2088"/>
						<line number="2088" hits="0"/>
						<line number="2090" hits="1"/>
						<line number="2091" hits="1"/>
						<line number="2094" hits="1" branch="true" condition-coverage="50% (1/2)" missing-branches="2095"/>
						<line number="2095" hits="0"/>
						<line number="2096" hits="0"/>
						<line number="2099" hits="0" branch="true" condition-coverage="0% (0/2)" missing-branches="2094,2101"/>
						<line number="2101" hits="0"/>
						<line number="2112" hits="1"/>
						<line number="2114" hits="1"/>
						<line number="2118" hits="1"/>
						<line number="2120" hits="1"/>
						<line number="2123" hits="1" branch="true" condition-coverage="50% (1/2)" missing-branches="2126"/>
						<line number="2124" hits="1"/>
						<line number="2126" hits="0"/>
						<line number="2132" hits="1" branch="true" condition-coverage="100% (2/2)"/>
						<line number="2133" hits="1" branch="true" condition-coverage="50% (1/2)" missing-branches="2134"/>
						<line number="2134" hits="0"/>
						<line number="2136" hits="1"/>
						<line number="2137" hits="1"/>
						<line number="2140" hits="1" branch="true" condition-coverage="50% (1/2)" missing-branches="2141"/>
						<line number="2141" hits="0" branch="true" condition-coverage="0% (0/2)" missing-branches="2140,2142"/>
						<line number="2142" hits="0"/>
						<line number="2143" hits="0"/>
						<line number="2154" hits="1"/>
						<line number="2156" hits="1"/>
						<line number="2160" hits="1"/>
						<line number="2162" hits="1"/>
						<line number="2165" hits="1" branch="true" condition-coverage="50% (1/2)" missing-branches="2169"/>
						<line number="2166" hits="1"/>
						<line number="2169" hits="0"/>
						<line number="2173" hits="1" branch="true" condition-coverage="100% (2/2)"/>
						<line number="2174" hits="1" branch="true" condition-coverage="50% (1/2)" missing-branches="2175"/>
						<line number="2175" hits="0"/>
						<line number="2177" hits="1"/>
						<line number="2180" hits="1"/>
						<line number="2181" hits="1" branch="true" condition-coverage="50% (1/2)" missing-branches="2194"/>
						<line number="2182" hits="1"/>
						<line number="2194" hits="1"/>
						<line number="2195" hits="1" branch="true" condition-coverage="50% (1/2)" missing-branches="2208"/>
						<line number="2196" hits="1"/>
						<line number="2208" hits="1"/>
						<line number="2209" hits="1" branch="true" condition-coverage="50% (1/2)" missing-branches="2215"/>
						<line number="2210" hits="1" branch="true" condition-coverage="100% (2/2)"/>
						<line number="2211" hits="1" branch="true" condition-coverage="50% (1/2)" missing-branches="2212"/>
						<line number="2212" hits="0"/>
						<line number="2213" hits="0"/>
						<line number="2215" hits="1" branch="true" condition-coverage="50% (1/2)" missing-branches="2173"/>
						<line number="2216" hits="1"/>
						<line number="2233" hits="1"/>
						<line number="2235" hits="1"/>
						<line number="2239" hits="1"/>
						<line number="2246" hits="1"/>
						<line number="2247" hits="1" branch="true" condition-coverage="100% (2/2)"/>
						<line number="2249" hits="1"/>
						<line number="2254" hits="1" branch="true" condition-coverage="50% (1/2)" missing-branches="2266"/>
						<line number="2255" hits="1"/>
						<line number="2266" hits="1"/>
						<line number="2268" hits="1"/>
						<line number="2272" hits="1"/>
						<line number="2274" hits="1"/>
						<line number="2275" hits="1"/>
						<line number="2278" hits="1"/>
						<line number="2279" hits="1" branch="true" condition-coverage="100% (2/2)"/>
						<line number="2280" hits="1" branch="true" condition-coverage="50% (1/2)" missing-branches="2279"/>
						<line number="2285" hits="1"/>
						<line number="2286" hits="1"/>
						<line number="2288" hits="1" branch="true" condition-coverage="100% (2/2)"/>
						<line number="2290" hits="1" branch="true" condition-coverage="50% (1/2)" missing-branches="2296"/>
						<line number="2291" hits="1"/>
						<line number="2296" hits="1" branch="true" condition-coverage="50% (1/2)" missing-branches="2297"/>
						<line number="2297" hits="0"/>
						<line number="2302" hits="1" branch="true" condition-coverage="50% (1/2)" missing-branches="2303"/>
						<line number="2303" hits="0"/>
						<line number="2308" hits="1"/>
						<line number="2310" hits="1"/>
						<line number="2314" hits="1"/>
						<line number="2317" hits="1"/>
						<line number="2318" hits="1" branch="true" condition-coverage="100% (2/2)"/>
						<line number="2319" hits="1"/>
						<line number="2320" hits="1"/>
						<line number="2321" hits="1" branch="true" condition-coverage="100% (2/2)"/>
						<line number="2323" hits="1"/>
						<line number="2324" hits="1" branch="true" condition-coverage="100% (2/2)"/>
						<line number="2325" hits="1"/>
						<line number="2326" hits="1"/>
						<line number="2328" hits="1" branch="true" condition-coverage="50% (1/2)" missing-branches="2324"/>
						<line number="2334" hits="1"/>
						<line number="2348" hits="1"/>
						<line number="2349" hits="1"/>
						<line number="2351" hits="1" branch="true" condition-coverage="100% (2/2)"/>
						<line number="2352" hits="1"/>
						<line number="2353" hits="1"/>
						<line number="2355" hits="1" branch="true" condition-coverage="50% (1/2)" missing-branches="2351"/>
						<line number="2356" hits="1"/>
						<line number="2367" hits="1"/>
						<line number="2369" hits="1"/>
						<line number="2373" hits="1"/>
						<line number="2376" hits="1"/>
						<line number="2377" hits="1"/>
						<line number="2381" hits="1" branch="true" condition-coverage="50% (1/2)" missing-branches="2382"/>
						<line number="2382" hits="0"/>
						<line number="2394" hits="1"/>
						<line number="2399" hits="1" branch="true" condition-coverage="50% (1/2)" missing-branches="2411"/>
						<line number="2400" hits="1"/>
						<line number="2411" hits="1"/>
						<line number="2413" hits="1"/>
						<line number="2417" hits="1"/>
						<line number="2420" hits="1"/>
						<line number="2421" hits="1" branch="true" condition-coverage="100% (2/2)"/>
						<line number="2422" hits="1"/>
						<line number="2423" hits="1"/>
						<line number="2426" hits="1" branch="true" condition-coverage="50% (1/2)" missing-branches="2421"/>
						<line number="2427" hits="1"/>
						<line number="2439" hits="1"/>
						<line number="2440" hits="1"/>
						<line number="2444" hits="1" branch="true" condition-coverage="50% (1/2)" missing-branches="2456"/>
						<line number="2445" hits="1"/>
						<line number="2456" hits="1"/>
						<line number="2458" hits="1"/>
						<line number="2462" hits="1"/>
						<line number="2465" hits="1"/>
						<line number="2466" hits="1" branch="true" condition-coverage="50% (1/2)" missing-branches="2481"/>
						<line number="2468" hits="1"/>
						<line number="2469" hits="1" branch="true" condition-coverage="50% (1/2)" missing-branches="2481"/>
						<line number="2470" hits="1"/>
						<line number="2481" hits="1"/>
						<line number="2483" hits="1"/>
						<line number="2487" hits="1"/>
						<line number="2489" hits="1"/>
						<line number="2492" hits="1"/>
						<line number="2493" hits="1"/>
						<line number="2496" hits="1"/>
						<line number="2497" hits="1" branch="true" condition-coverage="50% (1/2)" missing-branches="2510"/>
						<line number="2498" hits="1" branch="true" condition-coverage="50% (1/2)" missing-branches="2510"/>
						<line number="2499" hits="1"/>
						<line number="2510" hits="1"/>
						<line number="2512" hits="1"/>
						<line number="2521" hits="1"/>
						<line number="2525" hits="1"/>
						<line number="2527" hits="1"/>
						<line number="2536" hits="0"/>
						<line number="2538" hits="0"/>
						<line number="2541" hits="0" branch="true" condition-coverage="0% (0/2)" missing-branches="2542,2555"/>
						<line number="2542" hits="0"/>
						<line number="2552" hits="0"/>
						<line number="2555" hits="0" branch="true" condition-coverage="0% (0/2)" missing-branches="2557,2569"/>
						<line number="2557" hits="0"/>
						<line number="2569" hits="0" branch="true" condition-coverage="0% (0/2)" missing-branches="2573,2585"/>
						<line number="2573" hits="0"/>
						<line number="2585" hits="0"/>
						<line number="2593" hits="0" branch="true" condition-coverage="0% (0/2)" missing-branches="2594,2607"/>
						<line number="2594" hits="0"/>
						<line number="2607" hits="0" branch="true" condition-coverage="0% (0/2)" missing-branches="2608,2619"/>
						<line number="2608" hits="0"/>
						<line number="2619" hits="0"/>
						<line number="2621" hits="1"/>
						<line number="2630" hits="1"/>
						<line number="2633" hits="1"/>
						<line number="2635" hits="1" branch="true" condition-coverage="100% (2/2)"/>
						<line number="2637" hits="1"/>
						<line number="2638" hits="1"/>
						<line number="2641" hits="1"/>
						<line number="2650" hits="1" branch="true" condition-coverage="100% (2/2)"/>
						<line number="2651" hits="1" branch="true" condition-coverage="100% (2/2)"/>
						<line number="2652" hits="1"/>
						<line number="2668" hits="1" branch="true" condition-coverage="100% (2/2)"/>
						<line number="2669" hits="1"/>
						<line number="2694" hits="1" branch="true" condition-coverage="100% (2/2)"/>
						<line number="2695" hits="1"/>
						<line number="2717" hits="1" branch="true" condition-coverage="100% (2/2)"/>
						<line number="2718" hits="1"/>
						<line number="2744" hits="1"/>
						<line number="2766" hits="1"/>
						<line number="2768" hits="1"/>
						<line number="2777" hits="1"/>
						<line number="2779" hits="1"/>
						<line number="2782" hits="1" branch="true" condition-coverage="100% (2/2)"/>
						<line number="2783" hits="1"/>
						<line number="2786" hits="1"/>
						<line number="2787" hits="1" branch="true" condition-coverage="50% (1/2)" missing-branches="2963"/>
						<line number="2788" hits="1"/>
						<line number="2789" hits="1"/>
						<line number="2792" hits="1"/>
						<line number="2794" hits="1"/>
						<line number="2796" hits="1"/>
						<line number="2800" hits="1"/>
						<line number="2801" hits="1" branch="true" condition-coverage="50% (1/2)" missing-branches="2963"/>
						<line number="2802" hits="1"/>
						<line number="2803" hits="1"/>
						<line number="2804" hits="1"/>
						<line number="2806" hits="1" branch="true" condition-coverage="100% (2/2)"/>
						<line number="2807" hits="1"/>
						<line number="2830" hits="1"/>
						<line number="2831" hits="1"/>
						<line number="2835" hits="1"/>
						<line number="2836" hits="1"/>
						<line number="2838" hits="1"/>
						<line number="2839" hits="1"/>
						<line number="2840" hits="1"/>
						<line number="2842" hits="1" branch="true" condition-coverage="50% (1/2)" missing-branches="2867"/>
						<line number="2843" hits="1"/>
						<line number="2867" hits="1" branch="true" condition-coverage="50% (1/2)" missing-branches="2892"/>
						<line number="2868" hits="1"/>
						<line number="2892" hits="1" branch="true" condition-coverage="50% (1/2)" missing-branches="2963"/>
						<line number="2893" hits="1"/>
						<line number="2914" hits="1"/>
						<line number="2916" hits="1"/>
						<line number="2937" hits="0"/>
						<line number="2938" hits="0"/>
						<line number="2940" hits="0"/>
						<line number="2941" hits="0"/>
						<line number="2944" hits="1"/>
						<line number="2963" hits="1"/>
						<line number="2965" hits="1"/>
						<line number="2973" hits="1"/>
						<line number="2976" hits="1"/>
						<line number="2978" hits="1" branch="true" condition-coverage="100% (2/2)"/>
						<line number="2980" hits="1"/>
						<line number="2981" hits="1" branch="true" condition-coverage="100% (2/2)"/>
						<line number="2982" hits="1"/>
						<line number="3005" hits="1"/>
						<line number="3006" hits="1" branch="true" condition-coverage="100% (2/2)"/>
						<line number="3007" hits="1"/>
						<line number="3008" hits="1" branch="true" condition-coverage="100% (2/2)"/>
						<line number="3009" hits="1"/>
						<line number="3010" hits="1" branch="true" condition-coverage="50% (1/2)" missing-branches="3008"/>
						<line number="3011" hits="1"/>
						<line number="3035" hits="1"/>
						<line number="3055" hits="1"/>
						<line number="3056" hits="1" branch="true" condition-coverage="100% (2/2)"/>
						<line number="3058" hits="1"/>
						<line number="3061" hits="1"/>
						<line number="3062" hits="1"/>
						<line number="3063" hits="1" branch="true" condition-coverage="100% (2/2)"/>
						<line number="3064" hits="1" branch="true" condition-coverage="50% (1/2)" missing-branches="3065"/>
						<line number="3065" hits="0"/>
						<line number="3066" hits="1" branch="true" condition-coverage="50% (1/2)" missing-branches="3067"/>
						<line number="3067" hits="0"/>
						<line number="3069" hits="1" branch="true" condition-coverage="50% (1/2)" missing-branches="3090"/>
						<line number="3070" hits="1"/>
						<line number="3090" hits="1" branch="true" condition-coverage="50% (1/2)" missing-branches="3091"/>
						<line number="3091" hits="0"/>
						<line number="3111" hits="1"/>
						<line number="3114" hits="1"/>
						<line number="3117" hits="1"/>
						<line number="3121" hits="1"/>
						<line number="3123" hits="1"/>
						<line number="3131" hits="1"/>
						<line number="3134" hits="1"/>
						<line number="3135" hits="1"/>
						<line number="3137" hits="1" branch="true" condition-coverage="100% (2/2)"/>
						<line number="3138" hits="1"/>
						<line number="3139" hits="1" branch="true" condition-coverage="100% (2/2)"/>
						<line number="3140" hits="1"/>
						<line number="3160" hits="1"/>
						<line number="3179" hits="1"/>
						<line number="3181" hits="1"/>
						<line number="3189" hits="1"/>
						<line number="3192" hits="1"/>
						<line number="3193" hits="1" branch="true" condition-coverage="50% (1/2)" missing-branches="3194"/>
						<line number="3194" hits="0" branch="true" condition-coverage="0% (0/2)" missing-branches="3195,3236"/>
						<line number="3195" hits="0"/>
						<line number="3196" hits="0" branch="true" condition-coverage="0% (0/2)" missing-branches="3194,3197"/>
						<line number="3197" hits="0"/>
						<line number="3217" hits="1"/>
						<line number="3236" hits="1"/>
						<line number="3238" hits="1"/>
						<line number="3246" hits="1"/>
						<line number="3249" hits="1"/>
						<line number="3250" hits="1"/>
						<line number="3252" hits="1" branch="true" condition-coverage="100% (2/2)"/>
						<line number="3253" hits="1"/>
						<line number="3254" hits="1" branch="true" condition-coverage="100% (2/2)"/>
						<line number="3255" hits="1"/>
						<line number="3274" hits="1"/>
						<line number="3276" hits="1"/>
						<line number="3285" hits="1"/>
						<line number="3287" hits="1"/>
						<line number="3290" hits="1" branch="true" condition-coverage="100% (2/2)"/>
						<line number="3292" hits="1"/>
						<line number="3316" hits="1"/>
						<line number="3340" hits="1"/>
						<line number="3364" hits="1"/>
						<line number="3385" hits="1"/>
						<line number="3405" hits="1"/>
						<line number="3425" hits="1" branch="true" condition-coverage="100% (2/2)"/>
						<line number="3426" hits="1"/>
						<line number="3446" hits="1" branch="true" condition-coverage="100% (2/2)"/>
						<line number="3447" hits="1"/>
						<line number="3466" hits="1"/>
						<line number="3468" hits="1"/>
						<line number="3477" hits="1"/>
						<line number="3480" hits="1"/>
						<line number="3481" hits="1" branch="true" condition-coverage="100% (2/2)"/>
						<line number="3483" hits="1"/>
						<line number="3484" hits="1"/>
						<line number="3488" hits="1" branch="true" condition-coverage="100% (2/2)"/>
						<line number="3489" hits="1"/>
						<line number="3509" hits="1" branch="true" condition-coverage="100% (2/2)"/>
						<line number="3510" hits="1"/>
						<line number="3530" hits="1"/>
						<line number="3531" hits="1"/>
						<line number="3533" hits="1" branch="true" condition-coverage="100% (2/2)"/>
						<line number="3535" hits="1"/>
						<line number="3536" hits="1" branch="true" condition-coverage="50% (1/2)" missing-branches="3557"/>
						<line number="3537" hits="1"/>
						<line number="3557" hits="1"/>
						<line number="3558" hits="1" branch="true" condition-coverage="100% (2/2)"/>
						<line number="3559" hits="1" branch="true" condition-coverage="50% (1/2)" missing-branches="3558"/>
						<line number="3560" hits="1"/>
						<line number="3581" hits="1"/>
						<line number="3582" hits="1"/>
						<line number="3583" hits="1" branch="true" condition-coverage="50% (1/2)" missing-branches="3585"/>
						<line number="3585" hits="0"/>
						<line number="3604" hits="1"/>
						<line number="3606" hits="1"/>
						<line number="3615" hits="1"/>
						<line number="3618" hits="1"/>
						<line number="3619" hits="1" branch="true" condition-coverage="50% (1/2)" missing-branches="3641"/>
						<line number="3621" hits="1"/>
						<line number="3641" hits="1"/>
						<line number="3642" hits="1" branch="true" condition-coverage="50% (1/2)" missing-branches="3664"/>
						<line number="3644" hits="1"/>
						<line number="3664" hits="1"/>
						<line number="3665" hits="1" branch="true" condition-coverage="100% (2/2)"/>
						<line number="3666" hits="1"/>
						<line number="3685" hits="1"/>
						<line number="3687" hits="1"/>
						<line number="3695" hits="1"/>
						<line number="3697" hits="1"/>
						<line number="3699" hits="1" branch="true" condition-coverage="100% (2/2)"/>
						<line number="3700" hits="1"/>
						<line number="3703" hits="1"/>
						<line number="3704" hits="1" branch="true" condition-coverage="100% (2/2)"/>
						<line number="3706" hits="1"/>
						<line number="3707" hits="1" branch="true" condition-coverage="50% (1/2)" missing-branches="3728"/>
						<line number="3708" hits="1"/>
						<line number="3728" hits="1"/>
						<line number="3729" hits="1" branch="true" condition-coverage="50% (1/2)" missing-branches="3750"/>
						<line number="3730" hits="1"/>
						<line number="3750" hits="1"/>
						<line number="3770" hits="1"/>
						<line number="3771" hits="1" branch="true" condition-coverage="50% (1/2)" missing-branches="3772"/>
						<line number="3772" hits="0"/>
						<line number="3792" hits="1"/>
						<line number="3793" hits="1" branch="true" condition-coverage="100% (2/2)"/>
						<line number="3795" hits="1"/>
						<line number="3815" hits="1"/>
						<line number="3835" hits="1" branch="true" condition-coverage="100% (2/2)"/>
						<line number="3836" hits="1"/>
						<line number="3837" hits="1"/>
						<line number="3840" hits="1"/>
						<line number="3841" hits="1" branch="true" condition-coverage="100% (2/2)"/>
						<line number="3842" hits="1"/>
						<line number="3843" hits="1" branch="true" condition-coverage="50% (1/2)" missing-branches="3866"/>
						<line number="3844" hits="1"/>
						<line number="3866" hits="1"/>
						<line number="3867" hits="1" branch="true" condition-coverage="50% (1/2)" missing-branches="3868"/>
						<line number="3868" hits="0"/>
						<line number="3890" hits="1"/>
						<line number="3891" hits="1" branch="true" condition-coverage="50% (1/2)" missing-branches="3835"/>
						<line number="3893" hits="1"/>
						<line number="3915" hits="1" branch="true" condition-coverage="50% (1/2)" missing-branches="3916"/>
						<line number="3916" hits="0"/>
						<line number="3937" hits="1"/>
						<line number="3939" hits="1"/>
						<line number="3947" hits="1"/>
						<line number="3949" hits="1"/>
						<line number="3950" hits="1" branch="true" condition-coverage="100% (2/2)"/>
						<line number="3951" hits="1"/>
						<line number="3954" hits="1"/>
						<line number="3957" hits="1"/>
						<line number="3977" hits="1" branch="true" condition-coverage="100% (2/2)"/>
						<line number="3978" hits="1"/>
						<line number="3998" hits="1" branch="true" condition-coverage="100% (2/2)"/>
						<line number="3999" hits="1"/>
						<line number="4019" hits="1" branch="true" condition-coverage="50% (1/2)" missing-branches="4040"/>
						<line number="4020" hits="1"/>
						<line number="4040" hits="1" branch="true" condition-coverage="50% (1/2)" missing-branches="4061"/>
						<line number="4041" hits="1"/>
						<line number="4061" hits="1" branch="true" condition-coverage="50% (1/2)" missing-branches="4082"/>
						<line number="4062" hits="1"/>
						<line number="4082" hits="1"/>
						<line number="4101" hits="1"/>
						<line number="4103" hits="1"/>
						<line number="4105" hits="1"/>
						<line number="4108" hits="1"/>
						<line number="4112" hits="1"/>
						<line number="4116" hits="1"/>
						<line number="4120" hits="1"/>
						<line number="4126" hits="1"/>
						<line number="4130" hits="1"/>
						<line number="4132" hits="1"/>
						<line number="4134" hits="1"/>
						<line number="4146" hits="1"/>
						<line number="4151" hits="1"/>
						<line number="4153" hits="1"/>
						<line number="4165" hits="1"/>
						<line number="4170" hits="1"/>
						<line number="4172" hits="1"/>
						<line number="4224" hits="1"/>
						<line number="4235" hits="1"/>
						<line number="4253" hits="1"/>
						<line number="4256" hits="1"/>
						<line number="4257" hits="1"/>
						<line number="4259" hits="1" branch="true" condition-coverage="50% (1/2)" missing-branches="4272"/>
						<line number="4261" hits="1" branch="true" condition-coverage="50% (1/2)" missing-branches="4262"/>
						<line number="4262" hits="0"/>
						<line number="4263" hits="1" branch="true" condition-coverage="50% (1/2)" missing-branches="4264"/>
						<line number="4264" hits="0"/>
						<line number="4266" hits="1" branch="true" condition-coverage="50% (1/2)" missing-branches="4267"/>
						<line number="4267" hits="0"/>
						<line number="4268" hits="1" branch="true" condition-coverage="50% (1/2)" missing-branches="4269"/>
						<line number="4269" hits="0"/>
						<line number="4272" hits="1" branch="true" condition-coverage="50% (1/2)" missing-branches="4273"/>
						<line number="4273" hits="0"/>
						<line number="4274" hits="1" branch="true" condition-coverage="50% (1/2)" missing-branches="4275"/>
						<line number="4275" hits="0"/>
						<line number="4276" hits="1" branch="true" condition-coverage="100% (2/2)"/>
						<line number="4277" hits="1"/>
						<line number="4279" hits="1"/>
						<line number="4322" hits="1"/>
						<line number="4330" hits="1"/>
						<line number="4332" hits="1"/>
						<line number="4387" hits="1"/>
						<line number="4389" hits="1"/>
						<line number="4391" hits="1"/>
						<line number="4392" hits="1"/>
						<line number="4394" hits="1" branch="true" condition-coverage="100% (2/2)"/>
						<line number="4395" hits="1"/>
						<line number="4396" hits="1"/>
						<line number="4398" hits="1"/>
						<line number="4399" hits="1"/>
						<line number="4401" hits="1"/>
						<line number="4410" hits="1"/>
						<line number="4412" hits="1" branch="true" condition-coverage="100% (2/2)"/>
						<line number="4413" hits="1"/>
						<line number="4414" hits="1" branch="true" condition-coverage="50% (1/2)" missing-branches="4417"/>
						<line number="4415" hits="1"/>
						<line number="4417" hits="0"/>
						<line number="4419" hits="1"/>
						<line number="4421" hits="1"/>
						<line number="4427" hits="1" branch="true" condition-coverage="100% (2/2)"/>
						<line number="4428" hits="1"/>
						<line number="4429" hits="1"/>
						<line number="4430" hits="1"/>
						<line number="4433" hits="1" branch="true" condition-coverage="50% (1/2)" missing-branches="4437"/>
						<line number="4434" hits="1"/>
						<line number="4437" hits="1" branch="true" condition-coverage="50% (1/2)" missing-branches="4439"/>
						<line number="4438" hits="1"/>
						<line number="4439" hits="1"/>
						<line number="4442" hits="1"/>
						<line number="4443" hits="1" branch="true" condition-coverage="100% (2/2)"/>
						<line number="4444" hits="1"/>
						<line number="4445" hits="1"/>
						<line number="4447" hits="1"/>
						<line number="4449" hits="1"/>
						<line number="4451" hits="1" branch="true" condition-coverage="100% (2/2)"/>
						<line number="4452" hits="1"/>
						<line number="4453" hits="1" branch="true" condition-coverage="100% (2/2)"/>
						<line number="4454" hits="1"/>
						<line number="4455" hits="1" branch="true" condition-coverage="50% (1/2)" missing-branches="4456"/>
						<line number="4456" hits="0"/>
[...]
						<line number="152" hits="1"/>
						<line number="153" hits="1"/>
						<line number="155" hits="1"/>
						<line number="157" hits="1"/>
						<line number="158" hits="1"/>
						<line number="160" hits="1"/>
						<line number="162" hits="1"/>
						<line number="163" hits="1"/>
						<line number="165" hits="1"/>
					</lines>
				</class>
				<class name="security_analysis.py" filename="awslabs/ecs_mcp_server/modules/security_analysis.py" complexity="0" line-rate="1" branch-rate="1">
					<methods/>
					<lines>
						<line number="20" hits="1"/>
						<line number="22" hits="1"/>
						<line number="24" hits="1"/>
						<line number="30" hits="1"/>
						<line number="38" hits="1" branch="true" condition-coverage="100% (2/2)"/>
						<line number="39" hits="1" branch="true" condition-coverage="100% (2/2)"/>
						<line number="41" hits="1"/>
						<line number="42" hits="1"/>
						<line number="43" hits="1"/>
						<line number="46" hits="1"/>
						<line number="52" hits="1"/>
						<line number="53" hits="1"/>
						<line number="54" hits="1"/>
						<line number="55" hits="1"/>
						<line number="57" hits="1"/>
						<line number="60" hits="1"/>
						<line number="63" hits="1"/>
						<line number="67" hits="1"/>
						<line number="214" hits="1" branch="true" condition-coverage="100% (2/2)"/>
						<line number="215" hits="1"/>
						<line number="217" hits="1"/>
						<line number="220" hits="1"/>
						<line number="302" hits="1"/>
					</lines>
				</class>
				<class name="troubleshooting.py" filename="awslabs/ecs_mcp_server/modules/troubleshooting.py" complexity="0" line-rate="0.8261" branch-rate="0.6667">
					<methods/>
					<lines>
						<line number="20" hits="1"/>
						<line number="22" hits="1"/>
						<line number="24" hits="1"/>
						<line number="30" hits="1"/>
						<line number="38" hits="1" branch="true" condition-coverage="100% (2/2)"/>
						<line number="39" hits="1" branch="true" condition-coverage="100% (2/2)"/>
						<line number="41" hits="1"/>
						<line number="42" hits="1"/>
						<line number="43" hits="0"/>
						<line number="46" hits="1"/>
						<line number="52" hits="1"/>
						<line number="53" hits="1"/>
						<line number="54" hits="1"/>
						<line number="55" hits="1"/>
						<line number="57" hits="1"/>
						<line number="60" hits="1"/>
						<line number="63" hits="1"/>
						<line number="67" hits="1"/>
						<line number="209" hits="0" branch="true" condition-coverage="0% (0/2)" missing-branches="210,212"/>
						<line number="210" hits="0"/>
						<line number="212" hits="0"/>
						<line number="215" hits="1"/>
						<line number="272" hits="1"/>
					</lines>
				</class>
			</classes>
		</package>
		<package name="awslabs.ecs_mcp_server.utils" line-rate="0.9812" branch-rate="0.9434" complexity="0">
			<classes>
				<class name="arn_parser.py" filename="awslabs/ecs_mcp_server/utils/arn_parser.py" complexity="0" line-rate="0.9796" branch-rate="0.9375">
					<methods/>
					<lines>
						<line number="21" hits="1"/>
						<line number="22" hits="1"/>
						<line number="25" hits="1"/>
						<line number="28" hits="1"/>
						<line number="29" hits="1"/>
						<line number="30" hits="1"/>
						<line number="31" hits="1"/>
						<line number="32" hits="1"/>
						<line number="33" hits="1"/>
						<line number="35" hits="1"/>
						<line number="36" hits="1"/>
						<line number="39" hits="1" branch="true" condition-coverage="100% (2/2)"/>
						<line number="40" hits="1"/>
						<line number="41" hits="1" branch="true" condition-coverage="100% (2/2)"/>
						<line number="42" hits="1"/>
						<line number="43" hits="1"/>
						<line number="46" hits="1"/>
						<line number="58" hits="1" branch="true" condition-coverage="100% (2/2)"/>
						<line number="59" hits="1"/>
						<line number="63" hits="1"/>
						<line number="64" hits="1"/>
						<line number="66" hits="1" branch="true" condition-coverage="100% (2/2)"/>
						<line number="67" hits="1"/>
						<line number="69" hits="1"/>
						<line number="72" hits="1"/>
						<line number="73" hits="1" branch="true" condition-coverage="100% (2/2)"/>
						<line number="74" hits="1"/>
						<line number="77" hits="1"/>
						<line number="78" hits="1" branch="true" condition-coverage="50% (1/2)" missing-branches="79"/>
						<line number="79" hits="0"/>
						<line number="81" hits="1"/>
						<line number="82" hits="1"/>
						<line number="84" hits="1"/>
						<line number="94" hits="1"/>
						<line number="96" hits="1"/>
						<line number="97" hits="1"/>
						<line number="100" hits="1"/>
						<line number="102" hits="1"/>
						<line number="103" hits="1"/>
						<line number="106" hits="1"/>
						<line number="111" hits="1"/>
						<line number="112" hits="1" branch="true" condition-coverage="100% (2/2)"/>
						<line number="113" hits="1"/>
						<line number="114" hits="1"/>
						<line number="117" hits="1"/>
						<line number="122" hits="1"/>
						<line number="123" hits="1" branch="true" condition-coverage="100% (2/2)"/>
						<line number="124" hits="1"/>
						<line number="125" hits="1"/>
					</lines>
				</class>
				<class name="aws.py" filename="awslabs/ecs_mcp_server/utils/aws.py" complexity="0" line-rate="1" branch-rate="1">
					<methods/>
					<lines>
						<line number="19" hits="1"/>
						<line number="20" hits="1"/>
						<line number="21" hits="1"/>
						<line number="23" hits="1"/>
						<line number="24" hits="1"/>
						<line number="25" hits="1"/>
						<line number="27" hits="1"/>
						<line number="29" hits="1"/>
						<line number="32" hits="1"/>
						<line number="39" hits="1"/>
						<line number="43" hits="1"/>
						<line number="46" hits="1"/>
						<line number="60" hits="1" branch="true" condition-coverage="100% (2/2)"/>
						<line number="61" hits="1"/>
						<line number="64" hits="1"/>
						<line number="65" hits="1"/>
						<line number="66" hits="1"/>
						<line number="68" hits="1"/>
						<line number="71" hits="1"/>
						<line number="73" hits="1"/>
						<line number="76" hits="1"/>
						<line number="78" hits="1"/>
						<line number="79" hits="1"/>
						<line number="80" hits="1"/>
						<line number="83" hits="1"/>
						<line number="97" hits="1"/>
						<line number="100" hits="1"/>
						<line number="102" hits="1" branch="true" condition-coverage="100% (2/2)"/>
						<line number="103" hits="1"/>
						<line number="105" hits="1"/>
						<line number="108" hits="1"/>
						<line number="115" hits="1" branch="true" condition-coverage="100% (2/2)"/>
						<line number="117" hits="1"/>
						<line number="121" hits="1"/>
						<line number="124" hits="1"/>
						<line number="129" hits="1"/>
						<line number="136" hits="1" branch="true" condition-coverage="100% (2/2)"/>
						<line number="137" hits="1"/>
						<line number="139" hits="1"/>
						<line number="141" hits="1"/>
						<line number="144" hits="1"/>
						<line number="146" hits="1"/>
						<line number="148" hits="1"/>
						<line number="150" hits="1"/>
						<line number="151" hits="1"/>
						<line number="152" hits="1"/>
						<line number="154" hits="1" branch="true" condition-coverage="100% (2/2)"/>
						<line number="156" hits="1"/>
						<line number="161" hits="1"/>
						<line number="164" hits="1"/>
						<line number="167" hits="1"/>
						<line number="177" hits="1"/>
						<line number="179" hits="1"/>
						<line number="180" hits="1"/>
						<line number="182" hits="1"/>
						<line number="189" hits="1"/>
						<line number="200" hits="1"/>
						<line number="201" hits="1"/>
						<line number="203" hits="1"/>
						<line number="204" hits="1"/>
						<line number="214" hits="1"/>
						<line number="227" hits="1" branch="true" condition-coverage="100% (2/2)"/>
						<line number="228" hits="1"/>
						<line number="230" hits="1"/>
						<line number="231" hits="1"/>
						<line number="233" hits="1"/>
						<line number="235" hits="1" branch="true" condition-coverage="100% (2/2)"/>
						<line number="236" hits="1"/>
						<line number="238" hits="1"/>
						<line number="239" hits="1"/>
						<line number="242" hits="1"/>
						<line number="244" hits="1"/>
						<line number="245" hits="1"/>
						<line number="247" hits="1"/>
						<line number="250" hits="1"/>
						<line number="266" hits="1"/>
						<line number="269" hits="1"/>
						<line number="272" hits="1"/>
						<line number="279" hits="1" branch="true" condition-coverage="100% (2/2)"/>
						<line number="280" hits="1"/>
						<line number="282" hits="1"/>
						<line number="284" hits="1"/>
					</lines>
				</class>
				<class name="config.py" filename="awslabs/ecs_mcp_server/utils/config.py" complexity="0" line-rate="1" branch-rate="1">
					<methods/>
					<lines>
						<line number="19" hits="1"/>
						<line number="20" hits="1"/>
						<line number="21" hits="1"/>
						<line number="23" hits="1"/>
						<line number="26" hits="1"/>
						<line number="33" hits="1"/>
						<line number="44" hits="1"/>
						<line number="45" hits="1"/>
					</lines>
				</class>
				<class name="docker.py" filename="awslabs/ecs_mcp_server/utils/docker.py" complexity="0" line-rate="0.9417" branch-rate="0.8462">
					<methods/>
					<lines>
						<line number="19" hits="1"/>
						<line number="20" hits="1"/>
						<line number="21" hits="1"/>
						<line number="22" hits="1"/>
						<line number="23" hits="1"/>
						<line number="24" hits="1"/>
						<line number="26" hits="1"/>
						<line number="28" hits="1"/>
						<line number="31" hits="1"/>
						<line number="41" hits="1"/>
						<line number="43" hits="1" branch="true" condition-coverage="100% (2/2)"/>
						<line number="44" hits="1"/>
						<line number="46" hits="1"/>
						<line number="48" hits="1"/>
						<line number="51" hits="1"/>
						<line number="53" hits="1"/>
						<line number="56" hits="1"/>
						<line number="57" hits="1"/>
						<line number="60" hits="1"/>
						<line number="62" hits="1"/>
						<line number="63" hits="1"/>
						<line number="64" hits="1"/>
						<line number="65" hits="1"/>
						<line number="66" hits="1"/>
						<line number="67" hits="1"/>
						<line number="68" hits="1"/>
						<line number="71" hits="1"/>
						<line number="89" hits="1" branch="true" condition-coverage="100% (2/2)"/>
						<line number="90" hits="1"/>
						<line number="92" hits="1" branch="true" condition-coverage="100% (2/2)"/>
						<line number="93" hits="1"/>
						<line number="95" hits="1"/>
						<line number="97" hits="1"/>
						<line number="99" hits="1"/>
						<line number="100" hits="1"/>
						<line number="101" hits="1"/>
						<line number="103" hits="1"/>
						<line number="104" hits="1"/>
						<line number="105" hits="1"/>
						<line number="106" hits="1" branch="true" condition-coverage="50% (1/2)" missing-branches="110"/>
						<line number="107" hits="1"/>
						<line number="110" hits="1"/>
						<line number="111" hits="1" branch="true" condition-coverage="100% (2/2)"/>
						<line number="112" hits="1"/>
						<line number="115" hits="1"/>
						<line number="118" hits="1"/>
						<line number="119" hits="1"/>
						<line number="120" hits="1"/>
						<line number="121" hits="1"/>
						<line number="122" hits="0"/>
						<line number="123" hits="0"/>
						<line number="124" hits="0"/>
						<line number="127" hits="1"/>
						<line number="128" hits="1"/>
						<line number="137" hits="1"/>
						<line number="146" hits="1" branch="true" condition-coverage="100% (2/2)"/>
						<line number="147" hits="1"/>
						<line number="148" hits="1"/>
						<line number="150" hits="1"/>
						<line number="154" hits="1"/>
						<line number="157" hits="1"/>
						<line number="159" hits="1"/>
						<line number="171" hits="1"/>
						<line number="172" hits="1"/>
						<line number="176" hits="1" branch="true" condition-coverage="100% (2/2)"/>
						<line number="177" hits="1"/>
						<line number="178" hits="1"/>
						<line number="180" hits="1"/>
						<line number="182" hits="1"/>
						<line number="185" hits="1"/>
						<line number="195" hits="1"/>
						<line number="196" hits="1"/>
						<line number="200" hits="1" branch="true" condition-coverage="100% (2/2)"/>
						<line number="201" hits="1"/>
						<line number="202" hits="1"/>
						<line number="204" hits="1"/>
						<line number="205" hits="1"/>
						<line number="208" hits="1"/>
						<line number="211" hits="1"/>
						<line number="213" hits="1"/>
						<line number="217" hits="1" branch="true" condition-coverage="100% (2/2)"/>
						<line number="218" hits="1"/>
						<line number="219" hits="1"/>
						<line number="221" hits="1"/>
						<line number="222" hits="1"/>
						<line number="225" hits="1"/>
						<line number="226" hits="1"/>
						<line number="229" hits="1"/>
						<line number="240" hits="1" branch="true" condition-coverage="50% (1/2)" missing-branches="241"/>
						<line number="241" hits="0"/>
						<line number="244" hits="1" branch="true" condition-coverage="50% (1/2)" missing-branches="247"/>
						<line number="245" hits="1"/>
						<line number="247" hits="1"/>
						<line number="251" hits="1" branch="true" condition-coverage="100% (2/2)"/>
						<line number="252" hits="1"/>
						<line number="254" hits="1"/>
						<line number="255" hits="1" branch="true" condition-coverage="50% (1/2)" missing-branches="256"/>
						<line number="256" hits="0"/>
						<line number="259" hits="0"/>
						<line number="261" hits="1"/>
						<line number="263" hits="1"/>
						<line number="264" hits="1"/>
						<line number="265" hits="1"/>
					</lines>
				</class>
				<class name="security.py" filename="awslabs/ecs_mcp_server/utils/security.py" complexity="0" line-rate="1" branch-rate="0.975">
					<methods/>
					<lines>
						<line number="19" hits="1"/>
						<line number="20" hits="1"/>
						<line number="21" hits="1"/>
						<line number="22" hits="1"/>
						<line number="23" hits="1"/>
						<line number="24" hits="1"/>
						<line number="26" hits="1"/>
						<line number="29" hits="1"/>
						<line number="30" hits="1"/>
						<line number="31" hits="1"/>
						<line number="34" hits="1"/>
						<line number="37" hits="1"/>
						<line number="40" hits="1"/>
						<line number="43" hits="1"/>
						<line number="46" hits="1"/>
						<line number="49" hits="1"/>
						<line number="69" hits="1" branch="true" condition-coverage="100% (2/2)"/>
						<line number="70" hits="1"/>
						<line number="73" hits="1" branch="true" condition-coverage="100% (2/2)"/>
						<line number="74" hits="1" branch="true" condition-coverage="100% (2/2)"/>
						<line number="75" hits="1"/>
						<line number="77" hits="1"/>
						<line number="88" hits="1"/>
						<line number="90" hits="1" branch="true" condition-coverage="100% (2/2)"/>
						<line number="91" hits="1"/>
						<line number="92" hits="1"/>
						<line number="97" hits="1"/>
						<line number="100" hits="1"/>
						<line number="114" hits="1"/>
						<line number="117" hits="1" branch="true" condition-coverage="100% (2/2)"/>
						<line number="118" hits="1"/>
						<line number="121" hits="1"/>
						<line number="128" hits="1" branch="true" condition-coverage="100% (2/2)"/>
						<line number="129" hits="1" branch="true" condition-coverage="100% (2/2)"/>
						<line number="130" hits="1"/>
						<line number="132" hits="1"/>
						<line number="135" hits="1"/>
						<line number="149" hits="1"/>
						<line number="152" hits="1"/>
						<line number="153" hits="1"/>
						<line number="154" hits="1"/>
						<line number="155" hits="1"/>
						<line number="156" hits="1"/>
						<line number="159" hits="1"/>
						<line number="160" hits="1"/>
						<line number="161" hits="1"/>
						<line number="162" hits="1"/>
						<line number="165" hits="1" branch="true" condition-coverage="100% (2/2)"/>
						<line number="166" hits="1"/>
						<line number="169" hits="1" branch="true" condition-coverage="100% (2/2)"/>
						<line number="170" hits="1"/>
						<line number="173" hits="1" branch="true" condition-coverage="100% (2/2)"/>
						<line number="174" hits="1"/>
						<line number="177" hits="1" branch="true" condition-coverage="100% (2/2)"/>
						<line number="178" hits="1"/>
						<line number="182" hits="1"/>
						<line number="185" hits="1"/>
						<line number="199" hits="1" branch="true" condition-coverage="100% (2/2)"/>
						<line number="200" hits="1"/>
						<line number="205" hits="1" branch="true" condition-coverage="100% (2/2)"/>
						<line number="208" hits="1"/>
						<line number="213" hits="1"/>
						<line number="216" hits="1"/>
						<line number="220" hits="1"/>
						<line number="234" hits="1"/>
						<line number="266" hits="1"/>
						<line number="267" hits="1"/>
						<line number="277" hits="1" branch="true" condition-coverage="100% (2/2)"/>
						<line number="278" hits="1"/>
						<line number="279" hits="1" branch="true" condition-coverage="100% (2/2)"/>
						<line number="280" hits="1"/>
						<line number="281" hits="1" branch="true" condition-coverage="100% (2/2)"/>
						<line number="282" hits="1"/>
						<line number="284" hits="1"/>
						<line number="286" hits="1"/>
						<line number="287" hits="1"/>
						<line number="297" hits="1"/>
						<line number="298" hits="1" branch="true" condition-coverage="100% (2/2)"/>
						<line number="302" hits="1"/>
						<line number="303" hits="1"/>
						<line number="305" hits="1"/>
						<line number="306" hits="1"/>
						<line number="316" hits="1" branch="true" condition-coverage="100% (2/2)"/>
						<line number="317" hits="1"/>
						<line number="318" hits="1"/>
						<line number="320" hits="1"/>
						<line number="321" hits="1"/>
						<line number="331" hits="1" branch="true" condition-coverage="50% (1/2)" missing-branches="341"/>
						<line number="333" hits="1" branch="true" condition-coverage="100% (2/2)"/>
						<line number="334" hits="1"/>
						<line number="335" hits="1"/>
						<line number="341" hits="1"/>
						<line number="344" hits="1"/>
						<line number="359" hits="1"/>
						<line number="360" hits="1"/>
						<line number="361" hits="1"/>
						<line number="362" hits="1"/>
						<line number="364" hits="1"/>
						<line number="366" hits="1"/>
						<line number="368" hits="1"/>
						<line number="370" hits="1"/>
						<line number="373" hits="1"/>
						<line number="374" hits="1"/>
						<line number="376" hits="1"/>
						<line number="378" hits="1"/>
						<line number="379" hits="1"/>
						<line number="387" hits="1"/>
						<line number="389" hits="1"/>
					</lines>
				</class>
				<class name="templates.py" filename="awslabs/ecs_mcp_server/utils/templates.py" complexity="0" line-rate="1" branch-rate="1">
					<methods/>
					<lines>
						<line number="19" hits="1"/>
						<line number="20" hits="1"/>
						<line number="22" hits="1"/>
						<line number="25" hits="1"/>
						<line number="32" hits="1"/>
						<line number="36" hits="1" branch="true" condition-coverage="100% (2/2)"/>
						<line number="37" hits="1"/>
						<line number="38" hits="1"/>
						<line number="40" hits="1"/>
					</lines>
				</class>
				<class name="time_utils.py" filename="awslabs/ecs_mcp_server/utils/time_utils.py" complexity="0" line-rate="1" branch-rate="1">
					<methods/>
					<lines>
						<line number="19" hits="1"/>
						<line number="20" hits="1"/>
						<line number="23" hits="1"/>
						<line number="45" hits="1"/>
						<line number="48" hits="1" branch="true" condition-coverage="100% (2/2)"/>
						<line number="50" hits="1"/>
						<line number="53" hits="1"/>
						<line number="57" hits="1" branch="true" condition-coverage="100% (2/2)"/>
						<line number="59" hits="1"/>
						<line number="62" hits="1" branch="true" condition-coverage="100% (2/2)"/>
						<line number="64" hits="1"/>
						<line number="67" hits="1"/>
						<line number="69" hits="1"/>
					</lines>
				</class>
			</classes>
		</package>
	</packages>
</coverage>
